<?xml version="1.0" encoding="UTF-8"?>
<coverage generated="1562016895393" clover="3.2.0">
  <project timestamp="1562016895393" name="All files">
    <metrics statements="11" coveredstatements="11" conditionals="4" coveredconditionals="4" methods="5" coveredmethods="5" elements="20" coveredelements="20" complexity="0" loc="11" ncloc="11" packages="1" files="2" classes="2"/>
    <file name="index.js" path="D:\projects\rss\Winsler-2019Q1\piskel-clone\src\models\index.js">
      <metrics statements="0" coveredstatements="0" conditionals="0" coveredconditionals="0" methods="0" coveredmethods="0"/>
    </file>
    <file name="model.js" path="D:\projects\rss\Winsler-2019Q1\piskel-clone\src\models\model.js">
      <metrics statements="11" coveredstatements="11" conditionals="4" coveredconditionals="4" methods="5" coveredmethods="5"/>
      <line num="3" count="3" type="stmt"/>
      <line num="9" count="3" type="stmt"/>
      <line num="10" count="3" type="stmt"/>
      <line num="11" count="41" type="stmt"/>
      <line num="15" count="4" type="cond" truecount="2" falsecount="0"/>
      <line num="16" count="4" type="cond" truecount="2" falsecount="0"/>
      <line num="17" count="4" type="stmt"/>
      <line num="18" count="4" type="stmt"/>
      <line num="20" count="4" type="stmt"/>
      <line num="21" count="4" type="stmt"/>
      <line num="23" count="4" type="stmt"/>
    </file>
  </project>
</coverage>
