{"D:\\projects\\rss\\Winsler-2019Q1\\piskel-clone\\src\\assets\\gif.js": {"path":"D:\\projects\\rss\\Winsler-2019Q1\\piskel-clone\\src\\assets\\gif.js","statementMap":{"0":{"start":{"line":3,"column":0},"end":{"line":3,"column":29}},"1":{"start":{"line":5,"column":0},"end":{"line":6,"column":110}},"2":{"start":{"line":5,"column":13},"end":{"line":5,"column":314}},"3":{"start":{"line":5,"column":72},"end":{"line":5,"column":90}},"4":{"start":{"line":5,"column":96},"end":{"line":5,"column":314}},"5":{"start":{"line":5,"column":139},"end":{"line":5,"column":151}},"6":{"start":{"line":5,"column":163},"end":{"line":5,"column":304}},"7":{"start":{"line":5,"column":195},"end":{"line":5,"column":203}},"8":{"start":{"line":5,"column":209},"end":{"line":5,"column":304}},"9":{"start":{"line":5,"column":241},"end":{"line":5,"column":249}},"10":{"start":{"line":5,"column":255},"end":{"line":5,"column":304}},"11":{"start":{"line":5,"column":285},"end":{"line":5,"column":291}},"12":{"start":{"line":5,"column":297},"end":{"line":5,"column":303}},"13":{"start":{"line":5,"column":304},"end":{"line":5,"column":313}},"14":{"start":{"line":5,"column":354},"end":{"line":6,"column":107}},"15":{"start":{"line":5,"column":395},"end":{"line":5,"column":695}},"16":{"start":{"line":5,"column":405},"end":{"line":5,"column":581}},"17":{"start":{"line":5,"column":421},"end":{"line":5,"column":456}},"18":{"start":{"line":5,"column":457},"end":{"line":5,"column":481}},"19":{"start":{"line":5,"column":466},"end":{"line":5,"column":481}},"20":{"start":{"line":5,"column":481},"end":{"line":5,"column":501}},"21":{"start":{"line":5,"column":486},"end":{"line":5,"column":501}},"22":{"start":{"line":5,"column":507},"end":{"line":5,"column":546}},"23":{"start":{"line":5,"column":547},"end":{"line":5,"column":580}},"24":{"start":{"line":5,"column":587},"end":{"line":5,"column":604}},"25":{"start":{"line":5,"column":605},"end":{"line":5,"column":694}},"26":{"start":{"line":5,"column":646},"end":{"line":5,"column":656}},"27":{"start":{"line":5,"column":657},"end":{"line":5,"column":672}},"28":{"start":{"line":5,"column":695},"end":{"line":5,"column":714}},"29":{"start":{"line":5,"column":721},"end":{"line":5,"column":756}},"30":{"start":{"line":5,"column":757},"end":{"line":5,"column":792}},"31":{"start":{"line":5,"column":767},"end":{"line":5,"column":768}},"32":{"start":{"line":5,"column":784},"end":{"line":5,"column":792}},"33":{"start":{"line":5,"column":792},"end":{"line":5,"column":800}},"34":{"start":{"line":5,"column":863},"end":{"line":5,"column":893}},"35":{"start":{"line":5,"column":893},"end":{"line":5,"column":941}},"36":{"start":{"line":5,"column":942},"end":{"line":5,"column":970}},"37":{"start":{"line":5,"column":970},"end":{"line":5,"column":1009}},"38":{"start":{"line":5,"column":1009},"end":{"line":5,"column":1050}},"39":{"start":{"line":5,"column":1050},"end":{"line":5,"column":1097}},"40":{"start":{"line":5,"column":1097},"end":{"line":5,"column":1133}},"41":{"start":{"line":5,"column":1133},"end":{"line":5,"column":1296}},"42":{"start":{"line":5,"column":1184},"end":{"line":5,"column":1262}},"43":{"start":{"line":5,"column":1215},"end":{"line":5,"column":1262}},"44":{"start":{"line":5,"column":1262},"end":{"line":5,"column":1283}},"45":{"start":{"line":5,"column":1283},"end":{"line":5,"column":1294}},"46":{"start":{"line":5,"column":1296},"end":{"line":5,"column":2164}},"47":{"start":{"line":5,"column":1375},"end":{"line":5,"column":1408}},"48":{"start":{"line":5,"column":1392},"end":{"line":5,"column":1408}},"49":{"start":{"line":5,"column":1408},"end":{"line":5,"column":1657}},"50":{"start":{"line":5,"column":1427},"end":{"line":5,"column":1656}},"51":{"start":{"line":5,"column":1509},"end":{"line":5,"column":1525}},"52":{"start":{"line":5,"column":1525},"end":{"line":5,"column":1655}},"53":{"start":{"line":5,"column":1549},"end":{"line":5,"column":1557}},"54":{"start":{"line":5,"column":1571},"end":{"line":5,"column":1629}},"55":{"start":{"line":5,"column":1630},"end":{"line":5,"column":1645}},"56":{"start":{"line":5,"column":1645},"end":{"line":5,"column":1654}},"57":{"start":{"line":5,"column":1657},"end":{"line":5,"column":1684}},"58":{"start":{"line":5,"column":1684},"end":{"line":5,"column":1721}},"59":{"start":{"line":5,"column":1708},"end":{"line":5,"column":1721}},"60":{"start":{"line":5,"column":1721},"end":{"line":5,"column":2151}},"61":{"start":{"line":5,"column":1745},"end":{"line":5,"column":1983}},"62":{"start":{"line":5,"column":1777},"end":{"line":5,"column":1796}},"63":{"start":{"line":5,"column":1796},"end":{"line":5,"column":1802}},"64":{"start":{"line":5,"column":1809},"end":{"line":5,"column":1841}},"65":{"start":{"line":5,"column":1841},"end":{"line":5,"column":1847}},"66":{"start":{"line":5,"column":1854},"end":{"line":5,"column":1899}},"67":{"start":{"line":5,"column":1899},"end":{"line":5,"column":1905}},"68":{"start":{"line":5,"column":1913},"end":{"line":5,"column":1958}},"69":{"start":{"line":5,"column":1958},"end":{"line":5,"column":1982}},"70":{"start":{"line":5,"column":1989},"end":{"line":5,"column":2151}},"71":{"start":{"line":5,"column":2011},"end":{"line":5,"column":2056}},"72":{"start":{"line":5,"column":2056},"end":{"line":5,"column":2082}},"73":{"start":{"line":5,"column":2082},"end":{"line":5,"column":2103}},"74":{"start":{"line":5,"column":2103},"end":{"line":5,"column":2150}},"75":{"start":{"line":5,"column":2121},"end":{"line":5,"column":2150}},"76":{"start":{"line":5,"column":2151},"end":{"line":5,"column":2162}},"77":{"start":{"line":5,"column":2164},"end":{"line":5,"column":3102}},"78":{"start":{"line":5,"column":2229},"end":{"line":5,"column":2301}},"79":{"start":{"line":5,"column":2254},"end":{"line":5,"column":2301}},"80":{"start":{"line":5,"column":2301},"end":{"line":5,"column":2334}},"81":{"start":{"line":5,"column":2318},"end":{"line":5,"column":2334}},"82":{"start":{"line":5,"column":2334},"end":{"line":5,"column":2449}},"83":{"start":{"line":5,"column":2362},"end":{"line":5,"column":2449}},"84":{"start":{"line":5,"column":2449},"end":{"line":5,"column":2625}},"85":{"start":{"line":5,"column":2472},"end":{"line":5,"column":2500}},"86":{"start":{"line":5,"column":2505},"end":{"line":5,"column":2625}},"87":{"start":{"line":5,"column":2537},"end":{"line":5,"column":2571}},"88":{"start":{"line":5,"column":2576},"end":{"line":5,"column":2625}},"89":{"start":{"line":5,"column":2625},"end":{"line":5,"column":3089}},"90":{"start":{"line":5,"column":2686},"end":{"line":5,"column":2784}},"91":{"start":{"line":5,"column":2723},"end":{"line":5,"column":2743}},"92":{"start":{"line":5,"column":2749},"end":{"line":5,"column":2783}},"93":{"start":{"line":5,"column":2784},"end":{"line":5,"column":3088}},"94":{"start":{"line":5,"column":2824},"end":{"line":5,"column":2855}},"95":{"start":{"line":5,"column":2855},"end":{"line":5,"column":3033}},"96":{"start":{"line":5,"column":3033},"end":{"line":5,"column":3087}},"97":{"start":{"line":5,"column":3071},"end":{"line":5,"column":3086}},"98":{"start":{"line":5,"column":3089},"end":{"line":5,"column":3100}},"99":{"start":{"line":5,"column":3102},"end":{"line":5,"column":3163}},"100":{"start":{"line":5,"column":3163},"end":{"line":5,"column":3447}},"101":{"start":{"line":5,"column":3215},"end":{"line":5,"column":3287}},"102":{"start":{"line":5,"column":3240},"end":{"line":5,"column":3287}},"103":{"start":{"line":5,"column":3297},"end":{"line":5,"column":3302}},"104":{"start":{"line":5,"column":3316},"end":{"line":5,"column":3344}},"105":{"start":{"line":5,"column":3344},"end":{"line":5,"column":3397}},"106":{"start":{"line":5,"column":3355},"end":{"line":5,"column":3366}},"107":{"start":{"line":5,"column":3366},"end":{"line":5,"column":3396}},"108":{"start":{"line":5,"column":3398},"end":{"line":5,"column":3418}},"109":{"start":{"line":5,"column":3418},"end":{"line":5,"column":3434}},"110":{"start":{"line":5,"column":3434},"end":{"line":5,"column":3445}},"111":{"start":{"line":5,"column":3447},"end":{"line":5,"column":4220}},"112":{"start":{"line":5,"column":3536},"end":{"line":5,"column":3608}},"113":{"start":{"line":5,"column":3561},"end":{"line":5,"column":3608}},"114":{"start":{"line":5,"column":3608},"end":{"line":5,"column":3658}},"115":{"start":{"line":5,"column":3646},"end":{"line":5,"column":3658}},"116":{"start":{"line":5,"column":3658},"end":{"line":5,"column":3682}},"117":{"start":{"line":5,"column":3682},"end":{"line":5,"column":3701}},"118":{"start":{"line":5,"column":3701},"end":{"line":5,"column":3713}},"119":{"start":{"line":5,"column":3713},"end":{"line":5,"column":4207}},"120":{"start":{"line":5,"column":3786},"end":{"line":5,"column":3812}},"121":{"start":{"line":5,"column":3812},"end":{"line":5,"column":3884}},"122":{"start":{"line":5,"column":3843},"end":{"line":5,"column":3884}},"123":{"start":{"line":5,"column":3890},"end":{"line":5,"column":4207}},"124":{"start":{"line":5,"column":3909},"end":{"line":5,"column":4019}},"125":{"start":{"line":5,"column":3931},"end":{"line":5,"column":4018}},"126":{"start":{"line":5,"column":4001},"end":{"line":5,"column":4012}},"127":{"start":{"line":5,"column":4012},"end":{"line":5,"column":4017}},"128":{"start":{"line":5,"column":4019},"end":{"line":5,"column":4045}},"129":{"start":{"line":5,"column":4033},"end":{"line":5,"column":4045}},"130":{"start":{"line":5,"column":4045},"end":{"line":5,"column":4134}},"131":{"start":{"line":5,"column":4065},"end":{"line":5,"column":4079}},"132":{"start":{"line":5,"column":4079},"end":{"line":5,"column":4104}},"133":{"start":{"line":5,"column":4110},"end":{"line":5,"column":4133}},"134":{"start":{"line":5,"column":4134},"end":{"line":5,"column":4206}},"135":{"start":{"line":5,"column":4165},"end":{"line":5,"column":4206}},"136":{"start":{"line":5,"column":4207},"end":{"line":5,"column":4218}},"137":{"start":{"line":5,"column":4220},"end":{"line":5,"column":4874}},"138":{"start":{"line":5,"column":4295},"end":{"line":5,"column":4324}},"139":{"start":{"line":5,"column":4312},"end":{"line":5,"column":4324}},"140":{"start":{"line":5,"column":4324},"end":{"line":5,"column":4462}},"141":{"start":{"line":5,"column":4357},"end":{"line":5,"column":4450}},"142":{"start":{"line":5,"column":4381},"end":{"line":5,"column":4397}},"143":{"start":{"line":5,"column":4402},"end":{"line":5,"column":4450}},"144":{"start":{"line":5,"column":4424},"end":{"line":5,"column":4450}},"145":{"start":{"line":5,"column":4450},"end":{"line":5,"column":4461}},"146":{"start":{"line":5,"column":4462},"end":{"line":5,"column":4646}},"147":{"start":{"line":5,"column":4487},"end":{"line":5,"column":4576}},"148":{"start":{"line":5,"column":4512},"end":{"line":5,"column":4547}},"149":{"start":{"line":5,"column":4538},"end":{"line":5,"column":4547}},"150":{"start":{"line":5,"column":4547},"end":{"line":5,"column":4575}},"151":{"start":{"line":5,"column":4576},"end":{"line":5,"column":4618}},"152":{"start":{"line":5,"column":4618},"end":{"line":5,"column":4634}},"153":{"start":{"line":5,"column":4634},"end":{"line":5,"column":4645}},"154":{"start":{"line":5,"column":4646},"end":{"line":5,"column":4675}},"155":{"start":{"line":5,"column":4675},"end":{"line":5,"column":4835}},"156":{"start":{"line":5,"column":4701},"end":{"line":5,"column":4736}},"157":{"start":{"line":5,"column":4742},"end":{"line":5,"column":4835}},"158":{"start":{"line":5,"column":4756},"end":{"line":5,"column":4834}},"159":{"start":{"line":5,"column":4779},"end":{"line":5,"column":4834}},"160":{"start":{"line":5,"column":4835},"end":{"line":5,"column":4861}},"161":{"start":{"line":5,"column":4861},"end":{"line":5,"column":4872}},"162":{"start":{"line":5,"column":4874},"end":{"line":5,"column":5087}},"163":{"start":{"line":5,"column":4930},"end":{"line":5,"column":5075}},"164":{"start":{"line":5,"column":4968},"end":{"line":5,"column":4975}},"165":{"start":{"line":5,"column":4980},"end":{"line":5,"column":5075}},"166":{"start":{"line":5,"column":5014},"end":{"line":5,"column":5039}},"167":{"start":{"line":5,"column":5044},"end":{"line":5,"column":5075}},"168":{"start":{"line":5,"column":5075},"end":{"line":5,"column":5085}},"169":{"start":{"line":5,"column":5087},"end":{"line":5,"column":5279}},"170":{"start":{"line":5,"column":5139},"end":{"line":5,"column":5269}},"171":{"start":{"line":5,"column":5171},"end":{"line":5,"column":5189}},"172":{"start":{"line":5,"column":5190},"end":{"line":5,"column":5268}},"173":{"start":{"line":5,"column":5216},"end":{"line":5,"column":5225}},"174":{"start":{"line":5,"column":5230},"end":{"line":5,"column":5268}},"175":{"start":{"line":5,"column":5244},"end":{"line":5,"column":5268}},"176":{"start":{"line":5,"column":5269},"end":{"line":5,"column":5277}},"177":{"start":{"line":5,"column":5279},"end":{"line":5,"column":5365}},"178":{"start":{"line":5,"column":5329},"end":{"line":5,"column":5363}},"179":{"start":{"line":5,"column":5390},"end":{"line":5,"column":5420}},"180":{"start":{"line":5,"column":5444},"end":{"line":5,"column":5472}},"181":{"start":{"line":5,"column":5496},"end":{"line":5,"column":5536}},"182":{"start":{"line":5,"column":5563},"end":{"line":5,"column":5582}},"183":{"start":{"line":5,"column":5657},"end":{"line":5,"column":5694}},"184":{"start":{"line":5,"column":5694},"end":{"line":5,"column":5736}},"185":{"start":{"line":5,"column":5736},"end":{"line":5,"column":5863}},"186":{"start":{"line":5,"column":5863},"end":{"line":5,"column":5904}},"187":{"start":{"line":5,"column":5904},"end":{"line":5,"column":6140}},"188":{"start":{"line":5,"column":6140},"end":{"line":5,"column":6167}},"189":{"start":{"line":5,"column":6167},"end":{"line":5,"column":6223}},"190":{"start":{"line":5,"column":6223},"end":{"line":5,"column":6268}},"191":{"start":{"line":5,"column":6268},"end":{"line":5,"column":6290}},"192":{"start":{"line":5,"column":6368},"end":{"line":5,"column":6607}},"193":{"start":{"line":5,"column":6391},"end":{"line":5,"column":6465}},"194":{"start":{"line":5,"column":6414},"end":{"line":5,"column":6464}},"195":{"start":{"line":5,"column":6442},"end":{"line":5,"column":6464}},"196":{"start":{"line":5,"column":6481},"end":{"line":5,"column":6503}},"197":{"start":{"line":5,"column":6504},"end":{"line":5,"column":6536}},"198":{"start":{"line":5,"column":6536},"end":{"line":5,"column":6561}},"199":{"start":{"line":5,"column":6561},"end":{"line":5,"column":6594}},"200":{"start":{"line":5,"column":6594},"end":{"line":5,"column":6606}},"201":{"start":{"line":5,"column":6616},"end":{"line":5,"column":6633}},"202":{"start":{"line":5,"column":6642},"end":{"line":5,"column":6751}},"203":{"start":{"line":5,"column":6669},"end":{"line":5,"column":6742}},"204":{"start":{"line":5,"column":6679},"end":{"line":5,"column":6680}},"205":{"start":{"line":5,"column":6683},"end":{"line":5,"column":6694}},"206":{"start":{"line":5,"column":6704},"end":{"line":5,"column":6741}},"207":{"start":{"line":5,"column":6733},"end":{"line":5,"column":6741}},"208":{"start":{"line":5,"column":6742},"end":{"line":5,"column":6750}},"209":{"start":{"line":5,"column":6758},"end":{"line":5,"column":6766}},"210":{"start":{"line":5,"column":6767},"end":{"line":5,"column":6811}},"211":{"start":{"line":5,"column":6811},"end":{"line":5,"column":6847}},"212":{"start":{"line":5,"column":6847},"end":{"line":6,"column":43}},"213":{"start":{"line":5,"column":6899},"end":{"line":5,"column":6922}},"214":{"start":{"line":5,"column":6922},"end":{"line":5,"column":7075}},"215":{"start":{"line":5,"column":7075},"end":{"line":5,"column":7112}},"216":{"start":{"line":5,"column":7153},"end":{"line":5,"column":7172}},"217":{"start":{"line":5,"column":7172},"end":{"line":5,"column":7188}},"218":{"start":{"line":5,"column":7188},"end":{"line":5,"column":7203}},"219":{"start":{"line":5,"column":7203},"end":{"line":5,"column":7223}},"220":{"start":{"line":5,"column":7223},"end":{"line":5,"column":7245}},"221":{"start":{"line":5,"column":7245},"end":{"line":5,"column":7270}},"222":{"start":{"line":5,"column":7270},"end":{"line":5,"column":7363}},"223":{"start":{"line":5,"column":7291},"end":{"line":5,"column":7311}},"224":{"start":{"line":5,"column":7311},"end":{"line":5,"column":7362}},"225":{"start":{"line":5,"column":7346},"end":{"line":5,"column":7361}},"226":{"start":{"line":5,"column":7364},"end":{"line":5,"column":7521}},"227":{"start":{"line":5,"column":7408},"end":{"line":5,"column":7432}},"228":{"start":{"line":5,"column":7432},"end":{"line":5,"column":7519}},"229":{"start":{"line":5,"column":7488},"end":{"line":5,"column":7518}},"230":{"start":{"line":5,"column":7521},"end":{"line":5,"column":7731}},"231":{"start":{"line":5,"column":7586},"end":{"line":5,"column":7597}},"232":{"start":{"line":5,"column":7597},"end":{"line":5,"column":7715}},"233":{"start":{"line":5,"column":7617},"end":{"line":5,"column":7656}},"234":{"start":{"line":5,"column":7647},"end":{"line":5,"column":7656}},"235":{"start":{"line":5,"column":7656},"end":{"line":5,"column":7675}},"236":{"start":{"line":5,"column":7675},"end":{"line":5,"column":7714}},"237":{"start":{"line":5,"column":7715},"end":{"line":5,"column":7729}},"238":{"start":{"line":5,"column":7731},"end":{"line":5,"column":8684}},"239":{"start":{"line":5,"column":7792},"end":{"line":5,"column":7821}},"240":{"start":{"line":5,"column":7810},"end":{"line":5,"column":7820}},"241":{"start":{"line":5,"column":7821},"end":{"line":5,"column":7830}},"242":{"start":{"line":5,"column":7830},"end":{"line":5,"column":7873}},"243":{"start":{"line":5,"column":7873},"end":{"line":5,"column":7943}},"244":{"start":{"line":5,"column":7899},"end":{"line":5,"column":7942}},"245":{"start":{"line":5,"column":7943},"end":{"line":5,"column":8008}},"246":{"start":{"line":5,"column":7972},"end":{"line":5,"column":8007}},"247":{"start":{"line":5,"column":8008},"end":{"line":5,"column":8076}},"248":{"start":{"line":5,"column":8038},"end":{"line":5,"column":8075}},"249":{"start":{"line":5,"column":8076},"end":{"line":5,"column":8652}},"250":{"start":{"line":5,"column":8157},"end":{"line":5,"column":8178}},"251":{"start":{"line":5,"column":8184},"end":{"line":5,"column":8652}},"252":{"start":{"line":5,"column":8424},"end":{"line":5,"column":8504}},"253":{"start":{"line":5,"column":8441},"end":{"line":5,"column":8478}},"254":{"start":{"line":5,"column":8484},"end":{"line":5,"column":8503}},"255":{"start":{"line":5,"column":8510},"end":{"line":5,"column":8652}},"256":{"start":{"line":5,"column":8537},"end":{"line":5,"column":8613}},"257":{"start":{"line":5,"column":8554},"end":{"line":5,"column":8589}},"258":{"start":{"line":5,"column":8595},"end":{"line":5,"column":8612}},"259":{"start":{"line":5,"column":8619},"end":{"line":5,"column":8651}},"260":{"start":{"line":5,"column":8652},"end":{"line":5,"column":8682}},"261":{"start":{"line":5,"column":8684},"end":{"line":5,"column":9377}},"262":{"start":{"line":5,"column":8739},"end":{"line":5,"column":8791}},"263":{"start":{"line":5,"column":8756},"end":{"line":5,"column":8790}},"264":{"start":{"line":5,"column":8791},"end":{"line":5,"column":8914}},"265":{"start":{"line":5,"column":8847},"end":{"line":5,"column":8913}},"266":{"start":{"line":5,"column":8914},"end":{"line":5,"column":8932}},"267":{"start":{"line":5,"column":8932},"end":{"line":5,"column":8949}},"268":{"start":{"line":5,"column":8949},"end":{"line":5,"column":8971}},"269":{"start":{"line":5,"column":8971},"end":{"line":5,"column":9143}},"270":{"start":{"line":5,"column":9016},"end":{"line":5,"column":9027}},"271":{"start":{"line":5,"column":9027},"end":{"line":5,"column":9116}},"272":{"start":{"line":5,"column":9097},"end":{"line":5,"column":9115}},"273":{"start":{"line":5,"column":9116},"end":{"line":5,"column":9130}},"274":{"start":{"line":5,"column":9143},"end":{"line":5,"column":9174}},"275":{"start":{"line":5,"column":9174},"end":{"line":5,"column":9326}},"276":{"start":{"line":5,"column":9212},"end":{"line":5,"column":9234}},"277":{"start":{"line":5,"column":9240},"end":{"line":5,"column":9325}},"278":{"start":{"line":5,"column":9302},"end":{"line":5,"column":9324}},"279":{"start":{"line":5,"column":9326},"end":{"line":5,"column":9345}},"280":{"start":{"line":5,"column":9345},"end":{"line":5,"column":9375}},"281":{"start":{"line":5,"column":9377},"end":{"line":5,"column":9587}},"282":{"start":{"line":5,"column":9419},"end":{"line":5,"column":9541}},"283":{"start":{"line":5,"column":9431},"end":{"line":5,"column":9465}},"284":{"start":{"line":5,"column":9465},"end":{"line":5,"column":9488}},"285":{"start":{"line":5,"column":9482},"end":{"line":5,"column":9487}},"286":{"start":{"line":5,"column":9488},"end":{"line":5,"column":9522}},"287":{"start":{"line":5,"column":9522},"end":{"line":5,"column":9540}},"288":{"start":{"line":5,"column":9541},"end":{"line":5,"column":9560}},"289":{"start":{"line":5,"column":9560},"end":{"line":5,"column":9585}},"290":{"start":{"line":5,"column":9587},"end":{"line":5,"column":10266}},"291":{"start":{"line":5,"column":9654},"end":{"line":5,"column":9715}},"292":{"start":{"line":5,"column":9715},"end":{"line":5,"column":10247}},"293":{"start":{"line":5,"column":9727},"end":{"line":5,"column":9738}},"294":{"start":{"line":5,"column":9738},"end":{"line":5,"column":9859}},"295":{"start":{"line":5,"column":9748},"end":{"line":5,"column":9775}},"296":{"start":{"line":5,"column":9843},"end":{"line":5,"column":9858}},"297":{"start":{"line":5,"column":9859},"end":{"line":5,"column":9873}},"298":{"start":{"line":5,"column":9912},"end":{"line":5,"column":10238}},"299":{"start":{"line":5,"column":9942},"end":{"line":5,"column":9974}},"300":{"start":{"line":5,"column":9974},"end":{"line":5,"column":10030}},"301":{"start":{"line":5,"column":10030},"end":{"line":5,"column":10200}},"302":{"start":{"line":5,"column":10063},"end":{"line":5,"column":10129}},"303":{"start":{"line":5,"column":10129},"end":{"line":5,"column":10160}},"304":{"start":{"line":5,"column":10160},"end":{"line":5,"column":10198}},"305":{"start":{"line":5,"column":10200},"end":{"line":5,"column":10237}},"306":{"start":{"line":5,"column":10247},"end":{"line":5,"column":10264}},"307":{"start":{"line":5,"column":10266},"end":{"line":5,"column":10877}},"308":{"start":{"line":5,"column":10322},"end":{"line":5,"column":10404}},"309":{"start":{"line":5,"column":10404},"end":{"line":5,"column":10426}},"310":{"start":{"line":5,"column":10426},"end":{"line":5,"column":10487}},"311":{"start":{"line":5,"column":10487},"end":{"line":5,"column":10522}},"312":{"start":{"line":5,"column":10522},"end":{"line":5,"column":10768}},"313":{"start":{"line":5,"column":10560},"end":{"line":5,"column":10607}},"314":{"start":{"line":5,"column":10607},"end":{"line":5,"column":10643}},"315":{"start":{"line":5,"column":10643},"end":{"line":5,"column":10767}},"316":{"start":{"line":5,"column":10668},"end":{"line":5,"column":10766}},"317":{"start":{"line":5,"column":10743},"end":{"line":5,"column":10765}},"318":{"start":{"line":5,"column":10768},"end":{"line":5,"column":10875}},"319":{"start":{"line":5,"column":10810},"end":{"line":5,"column":10839}},"320":{"start":{"line":5,"column":10845},"end":{"line":5,"column":10874}},"321":{"start":{"line":5,"column":10877},"end":{"line":5,"column":11583}},"322":{"start":{"line":5,"column":10992},"end":{"line":5,"column":10998}},"323":{"start":{"line":5,"column":10998},"end":{"line":5,"column":11018}},"324":{"start":{"line":5,"column":11018},"end":{"line":5,"column":11122}},"325":{"start":{"line":5,"column":11054},"end":{"line":5,"column":11067}},"326":{"start":{"line":5,"column":11067},"end":{"line":5,"column":11121}},"327":{"start":{"line":5,"column":11122},"end":{"line":5,"column":11155}},"328":{"start":{"line":5,"column":11155},"end":{"line":5,"column":11223}},"329":{"start":{"line":5,"column":11223},"end":{"line":5,"column":11248}},"330":{"start":{"line":5,"column":11248},"end":{"line":5,"column":11257}},"331":{"start":{"line":5,"column":11257},"end":{"line":5,"column":11278}},"332":{"start":{"line":5,"column":11278},"end":{"line":5,"column":11500}},"333":{"start":{"line":5,"column":11315},"end":{"line":5,"column":11329}},"334":{"start":{"line":5,"column":11329},"end":{"line":5,"column":11345}},"335":{"start":{"line":5,"column":11345},"end":{"line":5,"column":11499}},"336":{"start":{"line":5,"column":11386},"end":{"line":5,"column":11399}},"337":{"start":{"line":5,"column":11399},"end":{"line":5,"column":11421}},"338":{"start":{"line":5,"column":11421},"end":{"line":5,"column":11498}},"339":{"start":{"line":5,"column":11449},"end":{"line":5,"column":11469}},"340":{"start":{"line":5,"column":11475},"end":{"line":5,"column":11497}},"341":{"start":{"line":5,"column":11500},"end":{"line":5,"column":11542}},"342":{"start":{"line":5,"column":11542},"end":{"line":5,"column":11581}},"343":{"start":{"line":5,"column":11583},"end":{"line":5,"column":11986}},"344":{"start":{"line":5,"column":11646},"end":{"line":5,"column":11713}},"345":{"start":{"line":5,"column":11678},"end":{"line":5,"column":11712}},"346":{"start":{"line":5,"column":11713},"end":{"line":5,"column":11759}},"347":{"start":{"line":5,"column":11752},"end":{"line":5,"column":11758}},"348":{"start":{"line":5,"column":11759},"end":{"line":5,"column":11795}},"349":{"start":{"line":5,"column":11795},"end":{"line":5,"column":11827}},"350":{"start":{"line":5,"column":11827},"end":{"line":5,"column":11852}},"351":{"start":{"line":5,"column":11852},"end":{"line":5,"column":11921}},"352":{"start":{"line":5,"column":11921},"end":{"line":5,"column":11953}},"353":{"start":{"line":5,"column":11953},"end":{"line":5,"column":11984}},"354":{"start":{"line":5,"column":11986},"end":{"line":5,"column":12103}},"355":{"start":{"line":5,"column":12029},"end":{"line":5,"column":12101}},"356":{"start":{"line":5,"column":12103},"end":{"line":5,"column":12486}},"357":{"start":{"line":5,"column":12154},"end":{"line":5,"column":12301}},"358":{"start":{"line":5,"column":12177},"end":{"line":5,"column":12223}},"359":{"start":{"line":5,"column":12223},"end":{"line":5,"column":12261}},"360":{"start":{"line":5,"column":12261},"end":{"line":5,"column":12300}},"361":{"start":{"line":5,"column":12301},"end":{"line":5,"column":12335}},"362":{"start":{"line":5,"column":12335},"end":{"line":5,"column":12371}},"363":{"start":{"line":5,"column":12371},"end":{"line":5,"column":12428}},"364":{"start":{"line":5,"column":12428},"end":{"line":5,"column":12453}},"365":{"start":{"line":5,"column":12453},"end":{"line":5,"column":12484}},"366":{"start":{"line":5,"column":12486},"end":{"line":5,"column":13120}},"367":{"start":{"line":5,"column":12539},"end":{"line":5,"column":12572}},"368":{"start":{"line":5,"column":12572},"end":{"line":5,"column":12885}},"369":{"start":{"line":5,"column":12885},"end":{"line":5,"column":13107}},"370":{"start":{"line":5,"column":12906},"end":{"line":5,"column":12926}},"371":{"start":{"line":5,"column":12932},"end":{"line":5,"column":13107}},"372":{"start":{"line":5,"column":12956},"end":{"line":5,"column":13000}},"373":{"start":{"line":5,"column":13006},"end":{"line":5,"column":13107}},"374":{"start":{"line":5,"column":13028},"end":{"line":5,"column":13068}},"375":{"start":{"line":5,"column":13074},"end":{"line":5,"column":13106}},"376":{"start":{"line":5,"column":13107},"end":{"line":5,"column":13118}},"377":{"start":{"line":5,"column":13120},"end":{"line":5,"column":13282}},"378":{"start":{"line":5,"column":13158},"end":{"line":5,"column":13210}},"379":{"start":{"line":5,"column":13210},"end":{"line":5,"column":13241}},"380":{"start":{"line":5,"column":13234},"end":{"line":5,"column":13240}},"381":{"start":{"line":5,"column":13241},"end":{"line":5,"column":13280}},"382":{"start":{"line":6,"column":0},"end":{"line":6,"column":17}},"383":{"start":{"line":6,"column":17},"end":{"line":6,"column":27}},"384":{"start":{"line":6,"column":43},"end":{"line":6,"column":61}}},"fnMap":{"0":{"name":"(anonymous_0)","decl":{"start":{"line":5,"column":1},"end":{"line":5,"column":2}},"loc":{"start":{"line":5,"column":12},"end":{"line":5,"column":315}},"line":5},"1":{"name":"(anonymous_1)","decl":{"start":{"line":5,"column":317},"end":{"line":5,"column":318}},"loc":{"start":{"line":5,"column":327},"end":{"line":6,"column":108}},"line":5},"2":{"name":"e","decl":{"start":{"line":5,"column":370},"end":{"line":5,"column":371}},"loc":{"start":{"line":5,"column":378},"end":{"line":5,"column":801}},"line":5},"3":{"name":"s","decl":{"start":{"line":5,"column":388},"end":{"line":5,"column":389}},"loc":{"start":{"line":5,"column":394},"end":{"line":5,"column":715}},"line":5},"4":{"name":"(anonymous_4)","decl":{"start":{"line":5,"column":628},"end":{"line":5,"column":629}},"loc":{"start":{"line":5,"column":639},"end":{"line":5,"column":673}},"line":5},"5":{"name":"(anonymous_5)","decl":{"start":{"line":5,"column":806},"end":{"line":5,"column":807}},"loc":{"start":{"line":5,"column":838},"end":{"line":5,"column":5584}},"line":5},"6":{"name":"EventEmitter","decl":{"start":{"line":5,"column":848},"end":{"line":5,"column":860}},"loc":{"start":{"line":5,"column":862},"end":{"line":5,"column":942}},"line":5},"7":{"name":"(anonymous_7)","decl":{"start":{"line":5,"column":1172},"end":{"line":5,"column":1173}},"loc":{"start":{"line":5,"column":1183},"end":{"line":5,"column":1295}},"line":5},"8":{"name":"(anonymous_8)","decl":{"start":{"line":5,"column":1324},"end":{"line":5,"column":1325}},"loc":{"start":{"line":5,"column":1338},"end":{"line":5,"column":2163}},"line":5},"9":{"name":"(anonymous_9)","decl":{"start":{"line":5,"column":2199},"end":{"line":5,"column":2200}},"loc":{"start":{"line":5,"column":2222},"end":{"line":5,"column":3101}},"line":5},"10":{"name":"(anonymous_10)","decl":{"start":{"line":5,"column":3191},"end":{"line":5,"column":3192}},"loc":{"start":{"line":5,"column":3214},"end":{"line":5,"column":3446}},"line":5},"11":{"name":"g","decl":{"start":{"line":5,"column":3312},"end":{"line":5,"column":3313}},"loc":{"start":{"line":5,"column":3315},"end":{"line":5,"column":3398}},"line":5},"12":{"name":"(anonymous_12)","decl":{"start":{"line":5,"column":3485},"end":{"line":5,"column":3486}},"loc":{"start":{"line":5,"column":3508},"end":{"line":5,"column":4219}},"line":5},"13":{"name":"(anonymous_13)","decl":{"start":{"line":5,"column":4262},"end":{"line":5,"column":4263}},"loc":{"start":{"line":5,"column":4276},"end":{"line":5,"column":4873}},"line":5},"14":{"name":"(anonymous_14)","decl":{"start":{"line":5,"column":4907},"end":{"line":5,"column":4908}},"loc":{"start":{"line":5,"column":4921},"end":{"line":5,"column":5086}},"line":5},"15":{"name":"(anonymous_15)","decl":{"start":{"line":5,"column":5124},"end":{"line":5,"column":5125}},"loc":{"start":{"line":5,"column":5138},"end":{"line":5,"column":5278}},"line":5},"16":{"name":"(anonymous_16)","decl":{"start":{"line":5,"column":5306},"end":{"line":5,"column":5307}},"loc":{"start":{"line":5,"column":5328},"end":{"line":5,"column":5364}},"line":5},"17":{"name":"isFunction","decl":{"start":{"line":5,"column":5374},"end":{"line":5,"column":5384}},"loc":{"start":{"line":5,"column":5389},"end":{"line":5,"column":5421}},"line":5},"18":{"name":"isNumber","decl":{"start":{"line":5,"column":5430},"end":{"line":5,"column":5438}},"loc":{"start":{"line":5,"column":5443},"end":{"line":5,"column":5473}},"line":5},"19":{"name":"isObject","decl":{"start":{"line":5,"column":5482},"end":{"line":5,"column":5490}},"loc":{"start":{"line":5,"column":5495},"end":{"line":5,"column":5537}},"line":5},"20":{"name":"isUndefined","decl":{"start":{"line":5,"column":5546},"end":{"line":5,"column":5557}},"loc":{"start":{"line":5,"column":5562},"end":{"line":5,"column":5583}},"line":5},"21":{"name":"(anonymous_21)","decl":{"start":{"line":5,"column":5592},"end":{"line":5,"column":5593}},"loc":{"start":{"line":5,"column":5624},"end":{"line":5,"column":6291}},"line":5},"22":{"name":"(anonymous_22)","decl":{"start":{"line":5,"column":6299},"end":{"line":5,"column":6300}},"loc":{"start":{"line":5,"column":6331},"end":{"line":6,"column":62}},"line":5},"23":{"name":"(anonymous_23)","decl":{"start":{"line":5,"column":6368},"end":{"line":5,"column":6369}},"loc":{"start":{"line":5,"column":6390},"end":{"line":5,"column":6607}},"line":5},"24":{"name":"ctor","decl":{"start":{"line":5,"column":6474},"end":{"line":5,"column":6478}},"loc":{"start":{"line":5,"column":6480},"end":{"line":5,"column":6504}},"line":5},"25":{"name":"(anonymous_25)","decl":{"start":{"line":5,"column":6654},"end":{"line":5,"column":6655}},"loc":{"start":{"line":5,"column":6668},"end":{"line":5,"column":6751}},"line":5},"26":{"name":"(anonymous_26)","decl":{"start":{"line":5,"column":6851},"end":{"line":5,"column":6852}},"loc":{"start":{"line":5,"column":6871},"end":{"line":6,"column":28}},"line":5},"27":{"name":"GIF","decl":{"start":{"line":5,"column":7121},"end":{"line":5,"column":7124}},"loc":{"start":{"line":5,"column":7133},"end":{"line":5,"column":7364}},"line":5},"28":{"name":"(anonymous_28)","decl":{"start":{"line":5,"column":7388},"end":{"line":5,"column":7389}},"loc":{"start":{"line":5,"column":7407},"end":{"line":5,"column":7520}},"line":5},"29":{"name":"(anonymous_29)","decl":{"start":{"line":5,"column":7546},"end":{"line":5,"column":7547}},"loc":{"start":{"line":5,"column":7563},"end":{"line":5,"column":7730}},"line":5},"30":{"name":"(anonymous_30)","decl":{"start":{"line":5,"column":7754},"end":{"line":5,"column":7755}},"loc":{"start":{"line":5,"column":7777},"end":{"line":5,"column":8683}},"line":5},"31":{"name":"(anonymous_31)","decl":{"start":{"line":5,"column":8705},"end":{"line":5,"column":8706}},"loc":{"start":{"line":5,"column":8715},"end":{"line":5,"column":9376}},"line":5},"32":{"name":"(anonymous_32)","decl":{"start":{"line":5,"column":8987},"end":{"line":5,"column":8988}},"loc":{"start":{"line":5,"column":8997},"end":{"line":5,"column":9131}},"line":5},"33":{"name":"(anonymous_33)","decl":{"start":{"line":5,"column":9397},"end":{"line":5,"column":9398}},"loc":{"start":{"line":5,"column":9407},"end":{"line":5,"column":9586}},"line":5},"34":{"name":"(anonymous_34)","decl":{"start":{"line":5,"column":9614},"end":{"line":5,"column":9615}},"loc":{"start":{"line":5,"column":9624},"end":{"line":5,"column":10265}},"line":5},"35":{"name":"(anonymous_35)","decl":{"start":{"line":5,"column":9716},"end":{"line":5,"column":9717}},"loc":{"start":{"line":5,"column":9726},"end":{"line":5,"column":9874}},"line":5},"36":{"name":"(anonymous_36)","decl":{"start":{"line":5,"column":9896},"end":{"line":5,"column":9897}},"loc":{"start":{"line":5,"column":9911},"end":{"line":5,"column":10239}},"line":5},"37":{"name":"(anonymous_37)","decl":{"start":{"line":5,"column":9919},"end":{"line":5,"column":9920}},"loc":{"start":{"line":5,"column":9930},"end":{"line":5,"column":10238}},"line":5},"38":{"name":"(anonymous_38)","decl":{"start":{"line":5,"column":10047},"end":{"line":5,"column":10048}},"loc":{"start":{"line":5,"column":10062},"end":{"line":5,"column":10199}},"line":5},"39":{"name":"(anonymous_39)","decl":{"start":{"line":5,"column":10294},"end":{"line":5,"column":10295}},"loc":{"start":{"line":5,"column":10309},"end":{"line":5,"column":10876}},"line":5},"40":{"name":"(anonymous_40)","decl":{"start":{"line":5,"column":10907},"end":{"line":5,"column":10908}},"loc":{"start":{"line":5,"column":10917},"end":{"line":5,"column":11582}},"line":5},"41":{"name":"(anonymous_41)","decl":{"start":{"line":5,"column":11613},"end":{"line":5,"column":11614}},"loc":{"start":{"line":5,"column":11623},"end":{"line":5,"column":11985}},"line":5},"42":{"name":"(anonymous_42)","decl":{"start":{"line":5,"column":12015},"end":{"line":5,"column":12016}},"loc":{"start":{"line":5,"column":12028},"end":{"line":5,"column":12102}},"line":5},"43":{"name":"(anonymous_43)","decl":{"start":{"line":5,"column":12130},"end":{"line":5,"column":12131}},"loc":{"start":{"line":5,"column":12145},"end":{"line":5,"column":12485}},"line":5},"44":{"name":"(anonymous_44)","decl":{"start":{"line":5,"column":12508},"end":{"line":5,"column":12509}},"loc":{"start":{"line":5,"column":12523},"end":{"line":5,"column":13119}},"line":5},"45":{"name":"(anonymous_45)","decl":{"start":{"line":5,"column":13138},"end":{"line":5,"column":13139}},"loc":{"start":{"line":5,"column":13148},"end":{"line":5,"column":13281}},"line":5}},"branchMap":{"0":{"loc":{"start":{"line":5,"column":13},"end":{"line":5,"column":314}},"type":"if","locations":[{"start":{"line":5,"column":13},"end":{"line":5,"column":314}},{"start":{"line":5,"column":13},"end":{"line":5,"column":314}}],"line":5},"1":{"loc":{"start":{"line":5,"column":16},"end":{"line":5,"column":70}},"type":"binary-expr","locations":[{"start":{"line":5,"column":16},"end":{"line":5,"column":41}},{"start":{"line":5,"column":43},"end":{"line":5,"column":70}}],"line":5},"2":{"loc":{"start":{"line":5,"column":96},"end":{"line":5,"column":314}},"type":"if","locations":[{"start":{"line":5,"column":96},"end":{"line":5,"column":314}},{"start":{"line":5,"column":96},"end":{"line":5,"column":314}}],"line":5},"3":{"loc":{"start":{"line":5,"column":99},"end":{"line":5,"column":137}},"type":"binary-expr","locations":[{"start":{"line":5,"column":99},"end":{"line":5,"column":125}},{"start":{"line":5,"column":127},"end":{"line":5,"column":137}}],"line":5},"4":{"loc":{"start":{"line":5,"column":163},"end":{"line":5,"column":304}},"type":"if","locations":[{"start":{"line":5,"column":163},"end":{"line":5,"column":304}},{"start":{"line":5,"column":163},"end":{"line":5,"column":304}}],"line":5},"5":{"loc":{"start":{"line":5,"column":209},"end":{"line":5,"column":304}},"type":"if","locations":[{"start":{"line":5,"column":209},"end":{"line":5,"column":304}},{"start":{"line":5,"column":209},"end":{"line":5,"column":304}}],"line":5},"6":{"loc":{"start":{"line":5,"column":255},"end":{"line":5,"column":304}},"type":"if","locations":[{"start":{"line":5,"column":255},"end":{"line":5,"column":304}},{"start":{"line":5,"column":255},"end":{"line":5,"column":304}}],"line":5},"7":{"loc":{"start":{"line":5,"column":395},"end":{"line":5,"column":695}},"type":"if","locations":[{"start":{"line":5,"column":395},"end":{"line":5,"column":695}},{"start":{"line":5,"column":395},"end":{"line":5,"column":695}}],"line":5},"8":{"loc":{"start":{"line":5,"column":405},"end":{"line":5,"column":581}},"type":"if","locations":[{"start":{"line":5,"column":405},"end":{"line":5,"column":581}},{"start":{"line":5,"column":405},"end":{"line":5,"column":581}}],"line":5},"9":{"loc":{"start":{"line":5,"column":421},"end":{"line":5,"column":456}},"type":"binary-expr","locations":[{"start":{"line":5,"column":421},"end":{"line":5,"column":447}},{"start":{"line":5,"column":449},"end":{"line":5,"column":456}}],"line":5},"10":{"loc":{"start":{"line":5,"column":457},"end":{"line":5,"column":481}},"type":"if","locations":[{"start":{"line":5,"column":457},"end":{"line":5,"column":481}},{"start":{"line":5,"column":457},"end":{"line":5,"column":481}}],"line":5},"11":{"loc":{"start":{"line":5,"column":460},"end":{"line":5,"column":465}},"type":"binary-expr","locations":[{"start":{"line":5,"column":460},"end":{"line":5,"column":462}},{"start":{"line":5,"column":464},"end":{"line":5,"column":465}}],"line":5},"12":{"loc":{"start":{"line":5,"column":481},"end":{"line":5,"column":501}},"type":"if","locations":[{"start":{"line":5,"column":481},"end":{"line":5,"column":501}},{"start":{"line":5,"column":481},"end":{"line":5,"column":501}}],"line":5},"13":{"loc":{"start":{"line":5,"column":666},"end":{"line":5,"column":671}},"type":"cond-expr","locations":[{"start":{"line":5,"column":668},"end":{"line":5,"column":669}},{"start":{"line":5,"column":670},"end":{"line":5,"column":671}}],"line":5},"14":{"loc":{"start":{"line":5,"column":721},"end":{"line":5,"column":756}},"type":"binary-expr","locations":[{"start":{"line":5,"column":721},"end":{"line":5,"column":747}},{"start":{"line":5,"column":749},"end":{"line":5,"column":756}}],"line":5},"15":{"loc":{"start":{"line":5,"column":876},"end":{"line":5,"column":892}},"type":"binary-expr","locations":[{"start":{"line":5,"column":876},"end":{"line":5,"column":888}},{"start":{"line":5,"column":890},"end":{"line":5,"column":892}}],"line":5},"16":{"loc":{"start":{"line":5,"column":912},"end":{"line":5,"column":941}},"type":"binary-expr","locations":[{"start":{"line":5,"column":912},"end":{"line":5,"column":930}},{"start":{"line":5,"column":932},"end":{"line":5,"column":941}}],"line":5},"17":{"loc":{"start":{"line":5,"column":1184},"end":{"line":5,"column":1262}},"type":"if","locations":[{"start":{"line":5,"column":1184},"end":{"line":5,"column":1262}},{"start":{"line":5,"column":1184},"end":{"line":5,"column":1262}}],"line":5},"18":{"loc":{"start":{"line":5,"column":1187},"end":{"line":5,"column":1214}},"type":"binary-expr","locations":[{"start":{"line":5,"column":1187},"end":{"line":5,"column":1199}},{"start":{"line":5,"column":1201},"end":{"line":5,"column":1204}},{"start":{"line":5,"column":1206},"end":{"line":5,"column":1214}}],"line":5},"19":{"loc":{"start":{"line":5,"column":1375},"end":{"line":5,"column":1408}},"type":"if","locations":[{"start":{"line":5,"column":1375},"end":{"line":5,"column":1408}},{"start":{"line":5,"column":1375},"end":{"line":5,"column":1408}}],"line":5},"20":{"loc":{"start":{"line":5,"column":1408},"end":{"line":5,"column":1657}},"type":"if","locations":[{"start":{"line":5,"column":1408},"end":{"line":5,"column":1657}},{"start":{"line":5,"column":1408},"end":{"line":5,"column":1657}}],"line":5},"21":{"loc":{"start":{"line":5,"column":1427},"end":{"line":5,"column":1656}},"type":"if","locations":[{"start":{"line":5,"column":1427},"end":{"line":5,"column":1656}},{"start":{"line":5,"column":1427},"end":{"line":5,"column":1656}}],"line":5},"22":{"loc":{"start":{"line":5,"column":1430},"end":{"line":5,"column":1507}},"type":"binary-expr","locations":[{"start":{"line":5,"column":1430},"end":{"line":5,"column":1449}},{"start":{"line":5,"column":1451},"end":{"line":5,"column":1479}},{"start":{"line":5,"column":1481},"end":{"line":5,"column":1507}}],"line":5},"23":{"loc":{"start":{"line":5,"column":1525},"end":{"line":5,"column":1655}},"type":"if","locations":[{"start":{"line":5,"column":1525},"end":{"line":5,"column":1655}},{"start":{"line":5,"column":1525},"end":{"line":5,"column":1655}}],"line":5},"24":{"loc":{"start":{"line":5,"column":1684},"end":{"line":5,"column":1721}},"type":"if","locations":[{"start":{"line":5,"column":1684},"end":{"line":5,"column":1721}},{"start":{"line":5,"column":1684},"end":{"line":5,"column":1721}}],"line":5},"25":{"loc":{"start":{"line":5,"column":1721},"end":{"line":5,"column":2151}},"type":"if","locations":[{"start":{"line":5,"column":1721},"end":{"line":5,"column":2151}},{"start":{"line":5,"column":1721},"end":{"line":5,"column":2151}}],"line":5},"26":{"loc":{"start":{"line":5,"column":1745},"end":{"line":5,"column":1983}},"type":"switch","locations":[{"start":{"line":5,"column":1770},"end":{"line":5,"column":1802}},{"start":{"line":5,"column":1802},"end":{"line":5,"column":1847}},{"start":{"line":5,"column":1847},"end":{"line":5,"column":1905}},{"start":{"line":5,"column":1905},"end":{"line":5,"column":1982}}],"line":5},"27":{"loc":{"start":{"line":5,"column":1989},"end":{"line":5,"column":2151}},"type":"if","locations":[{"start":{"line":5,"column":1989},"end":{"line":5,"column":2151}},{"start":{"line":5,"column":1989},"end":{"line":5,"column":2151}}],"line":5},"28":{"loc":{"start":{"line":5,"column":2229},"end":{"line":5,"column":2301}},"type":"if","locations":[{"start":{"line":5,"column":2229},"end":{"line":5,"column":2301}},{"start":{"line":5,"column":2229},"end":{"line":5,"column":2301}}],"line":5},"29":{"loc":{"start":{"line":5,"column":2301},"end":{"line":5,"column":2334}},"type":"if","locations":[{"start":{"line":5,"column":2301},"end":{"line":5,"column":2334}},{"start":{"line":5,"column":2301},"end":{"line":5,"column":2334}}],"line":5},"30":{"loc":{"start":{"line":5,"column":2334},"end":{"line":5,"column":2449}},"type":"if","locations":[{"start":{"line":5,"column":2334},"end":{"line":5,"column":2449}},{"start":{"line":5,"column":2334},"end":{"line":5,"column":2449}}],"line":5},"31":{"loc":{"start":{"line":5,"column":2391},"end":{"line":5,"column":2447}},"type":"cond-expr","locations":[{"start":{"line":5,"column":2421},"end":{"line":5,"column":2438}},{"start":{"line":5,"column":2439},"end":{"line":5,"column":2447}}],"line":5},"32":{"loc":{"start":{"line":5,"column":2449},"end":{"line":5,"column":2625}},"type":"if","locations":[{"start":{"line":5,"column":2449},"end":{"line":5,"column":2625}},{"start":{"line":5,"column":2449},"end":{"line":5,"column":2625}}],"line":5},"33":{"loc":{"start":{"line":5,"column":2505},"end":{"line":5,"column":2625}},"type":"if","locations":[{"start":{"line":5,"column":2505},"end":{"line":5,"column":2625}},{"start":{"line":5,"column":2505},"end":{"line":5,"column":2625}}],"line":5},"34":{"loc":{"start":{"line":5,"column":2625},"end":{"line":5,"column":3089}},"type":"if","locations":[{"start":{"line":5,"column":2625},"end":{"line":5,"column":3089}},{"start":{"line":5,"column":2625},"end":{"line":5,"column":3089}}],"line":5},"35":{"loc":{"start":{"line":5,"column":2628},"end":{"line":5,"column":2684}},"type":"binary-expr","locations":[{"start":{"line":5,"column":2628},"end":{"line":5,"column":2656}},{"start":{"line":5,"column":2658},"end":{"line":5,"column":2684}}],"line":5},"36":{"loc":{"start":{"line":5,"column":2686},"end":{"line":5,"column":2784}},"type":"if","locations":[{"start":{"line":5,"column":2686},"end":{"line":5,"column":2784}},{"start":{"line":5,"column":2686},"end":{"line":5,"column":2784}}],"line":5},"37":{"loc":{"start":{"line":5,"column":2784},"end":{"line":5,"column":3088}},"type":"if","locations":[{"start":{"line":5,"column":2784},"end":{"line":5,"column":3088}},{"start":{"line":5,"column":2784},"end":{"line":5,"column":3088}}],"line":5},"38":{"loc":{"start":{"line":5,"column":2787},"end":{"line":5,"column":2822}},"type":"binary-expr","locations":[{"start":{"line":5,"column":2787},"end":{"line":5,"column":2788}},{"start":{"line":5,"column":2790},"end":{"line":5,"column":2793}},{"start":{"line":5,"column":2795},"end":{"line":5,"column":2822}}],"line":5},"39":{"loc":{"start":{"line":5,"column":3033},"end":{"line":5,"column":3087}},"type":"if","locations":[{"start":{"line":5,"column":3033},"end":{"line":5,"column":3087}},{"start":{"line":5,"column":3033},"end":{"line":5,"column":3087}}],"line":5},"40":{"loc":{"start":{"line":5,"column":3215},"end":{"line":5,"column":3287}},"type":"if","locations":[{"start":{"line":5,"column":3215},"end":{"line":5,"column":3287}},{"start":{"line":5,"column":3215},"end":{"line":5,"column":3287}}],"line":5},"41":{"loc":{"start":{"line":5,"column":3344},"end":{"line":5,"column":3397}},"type":"if","locations":[{"start":{"line":5,"column":3344},"end":{"line":5,"column":3397}},{"start":{"line":5,"column":3344},"end":{"line":5,"column":3397}}],"line":5},"42":{"loc":{"start":{"line":5,"column":3536},"end":{"line":5,"column":3608}},"type":"if","locations":[{"start":{"line":5,"column":3536},"end":{"line":5,"column":3608}},{"start":{"line":5,"column":3536},"end":{"line":5,"column":3608}}],"line":5},"43":{"loc":{"start":{"line":5,"column":3608},"end":{"line":5,"column":3658}},"type":"if","locations":[{"start":{"line":5,"column":3608},"end":{"line":5,"column":3658}},{"start":{"line":5,"column":3608},"end":{"line":5,"column":3658}}],"line":5},"44":{"loc":{"start":{"line":5,"column":3611},"end":{"line":5,"column":3645}},"type":"binary-expr","locations":[{"start":{"line":5,"column":3611},"end":{"line":5,"column":3624}},{"start":{"line":5,"column":3626},"end":{"line":5,"column":3645}}],"line":5},"45":{"loc":{"start":{"line":5,"column":3713},"end":{"line":5,"column":4207}},"type":"if","locations":[{"start":{"line":5,"column":3713},"end":{"line":5,"column":4207}},{"start":{"line":5,"column":3713},"end":{"line":5,"column":4207}}],"line":5},"46":{"loc":{"start":{"line":5,"column":3716},"end":{"line":5,"column":3784}},"type":"binary-expr","locations":[{"start":{"line":5,"column":3716},"end":{"line":5,"column":3731}},{"start":{"line":5,"column":3733},"end":{"line":5,"column":3758}},{"start":{"line":5,"column":3760},"end":{"line":5,"column":3784}}],"line":5},"47":{"loc":{"start":{"line":5,"column":3812},"end":{"line":5,"column":3884}},"type":"if","locations":[{"start":{"line":5,"column":3812},"end":{"line":5,"column":3884}},{"start":{"line":5,"column":3812},"end":{"line":5,"column":3884}}],"line":5},"48":{"loc":{"start":{"line":5,"column":3890},"end":{"line":5,"column":4207}},"type":"if","locations":[{"start":{"line":5,"column":3890},"end":{"line":5,"column":4207}},{"start":{"line":5,"column":3890},"end":{"line":5,"column":4207}}],"line":5},"49":{"loc":{"start":{"line":5,"column":3931},"end":{"line":5,"column":4018}},"type":"if","locations":[{"start":{"line":5,"column":3931},"end":{"line":5,"column":4018}},{"start":{"line":5,"column":3931},"end":{"line":5,"column":4018}}],"line":5},"50":{"loc":{"start":{"line":5,"column":3934},"end":{"line":5,"column":3999}},"type":"binary-expr","locations":[{"start":{"line":5,"column":3934},"end":{"line":5,"column":3952}},{"start":{"line":5,"column":3954},"end":{"line":5,"column":3970}},{"start":{"line":5,"column":3972},"end":{"line":5,"column":3999}}],"line":5},"51":{"loc":{"start":{"line":5,"column":4019},"end":{"line":5,"column":4045}},"type":"if","locations":[{"start":{"line":5,"column":4019},"end":{"line":5,"column":4045}},{"start":{"line":5,"column":4019},"end":{"line":5,"column":4045}}],"line":5},"52":{"loc":{"start":{"line":5,"column":4045},"end":{"line":5,"column":4134}},"type":"if","locations":[{"start":{"line":5,"column":4045},"end":{"line":5,"column":4134}},{"start":{"line":5,"column":4045},"end":{"line":5,"column":4134}}],"line":5},"53":{"loc":{"start":{"line":5,"column":4134},"end":{"line":5,"column":4206}},"type":"if","locations":[{"start":{"line":5,"column":4134},"end":{"line":5,"column":4206}},{"start":{"line":5,"column":4134},"end":{"line":5,"column":4206}}],"line":5},"54":{"loc":{"start":{"line":5,"column":4295},"end":{"line":5,"column":4324}},"type":"if","locations":[{"start":{"line":5,"column":4295},"end":{"line":5,"column":4324}},{"start":{"line":5,"column":4295},"end":{"line":5,"column":4324}}],"line":5},"55":{"loc":{"start":{"line":5,"column":4324},"end":{"line":5,"column":4462}},"type":"if","locations":[{"start":{"line":5,"column":4324},"end":{"line":5,"column":4462}},{"start":{"line":5,"column":4324},"end":{"line":5,"column":4462}}],"line":5},"56":{"loc":{"start":{"line":5,"column":4357},"end":{"line":5,"column":4450}},"type":"if","locations":[{"start":{"line":5,"column":4357},"end":{"line":5,"column":4450}},{"start":{"line":5,"column":4357},"end":{"line":5,"column":4450}}],"line":5},"57":{"loc":{"start":{"line":5,"column":4402},"end":{"line":5,"column":4450}},"type":"if","locations":[{"start":{"line":5,"column":4402},"end":{"line":5,"column":4450}},{"start":{"line":5,"column":4402},"end":{"line":5,"column":4450}}],"line":5},"58":{"loc":{"start":{"line":5,"column":4462},"end":{"line":5,"column":4646}},"type":"if","locations":[{"start":{"line":5,"column":4462},"end":{"line":5,"column":4646}},{"start":{"line":5,"column":4462},"end":{"line":5,"column":4646}}],"line":5},"59":{"loc":{"start":{"line":5,"column":4512},"end":{"line":5,"column":4547}},"type":"if","locations":[{"start":{"line":5,"column":4512},"end":{"line":5,"column":4547}},{"start":{"line":5,"column":4512},"end":{"line":5,"column":4547}}],"line":5},"60":{"loc":{"start":{"line":5,"column":4675},"end":{"line":5,"column":4835}},"type":"if","locations":[{"start":{"line":5,"column":4675},"end":{"line":5,"column":4835}},{"start":{"line":5,"column":4675},"end":{"line":5,"column":4835}}],"line":5},"61":{"loc":{"start":{"line":5,"column":4742},"end":{"line":5,"column":4835}},"type":"if","locations":[{"start":{"line":5,"column":4742},"end":{"line":5,"column":4835}},{"start":{"line":5,"column":4742},"end":{"line":5,"column":4835}}],"line":5},"62":{"loc":{"start":{"line":5,"column":4930},"end":{"line":5,"column":5075}},"type":"if","locations":[{"start":{"line":5,"column":4930},"end":{"line":5,"column":5075}},{"start":{"line":5,"column":4930},"end":{"line":5,"column":5075}}],"line":5},"63":{"loc":{"start":{"line":5,"column":4933},"end":{"line":5,"column":4967}},"type":"binary-expr","locations":[{"start":{"line":5,"column":4933},"end":{"line":5,"column":4946}},{"start":{"line":5,"column":4948},"end":{"line":5,"column":4967}}],"line":5},"64":{"loc":{"start":{"line":5,"column":4980},"end":{"line":5,"column":5075}},"type":"if","locations":[{"start":{"line":5,"column":4980},"end":{"line":5,"column":5075}},{"start":{"line":5,"column":4980},"end":{"line":5,"column":5075}}],"line":5},"65":{"loc":{"start":{"line":5,"column":5139},"end":{"line":5,"column":5269}},"type":"if","locations":[{"start":{"line":5,"column":5139},"end":{"line":5,"column":5269}},{"start":{"line":5,"column":5139},"end":{"line":5,"column":5269}}],"line":5},"66":{"loc":{"start":{"line":5,"column":5190},"end":{"line":5,"column":5268}},"type":"if","locations":[{"start":{"line":5,"column":5190},"end":{"line":5,"column":5268}},{"start":{"line":5,"column":5190},"end":{"line":5,"column":5268}}],"line":5},"67":{"loc":{"start":{"line":5,"column":5230},"end":{"line":5,"column":5268}},"type":"if","locations":[{"start":{"line":5,"column":5230},"end":{"line":5,"column":5268}},{"start":{"line":5,"column":5230},"end":{"line":5,"column":5268}}],"line":5},"68":{"loc":{"start":{"line":5,"column":5503},"end":{"line":5,"column":5536}},"type":"binary-expr","locations":[{"start":{"line":5,"column":5503},"end":{"line":5,"column":5524}},{"start":{"line":5,"column":5526},"end":{"line":5,"column":5536}}],"line":5},"69":{"loc":{"start":{"line":5,"column":5739},"end":{"line":5,"column":5862}},"type":"binary-expr","locations":[{"start":{"line":5,"column":5739},"end":{"line":5,"column":5842}},{"start":{"line":5,"column":5844},"end":{"line":5,"column":5862}}],"line":5},"70":{"loc":{"start":{"line":5,"column":5868},"end":{"line":5,"column":5903}},"type":"binary-expr","locations":[{"start":{"line":5,"column":5868},"end":{"line":5,"column":5880}},{"start":{"line":5,"column":5882},"end":{"line":5,"column":5903}}],"line":5},"71":{"loc":{"start":{"line":5,"column":5918},"end":{"line":5,"column":5947}},"type":"cond-expr","locations":[{"start":{"line":5,"column":5936},"end":{"line":5,"column":5941}},{"start":{"line":5,"column":5942},"end":{"line":5,"column":5947}}],"line":5},"72":{"loc":{"start":{"line":5,"column":5956},"end":{"line":5,"column":6008}},"type":"binary-expr","locations":[{"start":{"line":5,"column":5956},"end":{"line":5,"column":5960}},{"start":{"line":5,"column":5962},"end":{"line":5,"column":6008}}],"line":5},"73":{"loc":{"start":{"line":5,"column":5973},"end":{"line":5,"column":6007}},"type":"cond-expr","locations":[{"start":{"line":5,"column":5996},"end":{"line":5,"column":6001}},{"start":{"line":5,"column":6002},"end":{"line":5,"column":6007}}],"line":5},"74":{"loc":{"start":{"line":5,"column":5973},"end":{"line":5,"column":5995}},"type":"binary-expr","locations":[{"start":{"line":5,"column":5973},"end":{"line":5,"column":5988}},{"start":{"line":5,"column":5990},"end":{"line":5,"column":5995}}],"line":5},"75":{"loc":{"start":{"line":5,"column":6024},"end":{"line":5,"column":6137}},"type":"cond-expr","locations":[{"start":{"line":5,"column":6053},"end":{"line":5,"column":6058}},{"start":{"line":5,"column":6059},"end":{"line":5,"column":6137}}],"line":5},"76":{"loc":{"start":{"line":5,"column":6060},"end":{"line":5,"column":6133}},"type":"binary-expr","locations":[{"start":{"line":5,"column":6060},"end":{"line":5,"column":6089}},{"start":{"line":5,"column":6091},"end":{"line":5,"column":6122}},{"start":{"line":5,"column":6124},"end":{"line":5,"column":6133}}],"line":5},"77":{"loc":{"start":{"line":5,"column":6414},"end":{"line":5,"column":6464}},"type":"if","locations":[{"start":{"line":5,"column":6414},"end":{"line":5,"column":6464}},{"start":{"line":5,"column":6414},"end":{"line":5,"column":6464}}],"line":5},"78":{"loc":{"start":{"line":5,"column":6642},"end":{"line":5,"column":6751}},"type":"binary-expr","locations":[{"start":{"line":5,"column":6642},"end":{"line":5,"column":6652}},{"start":{"line":5,"column":6654},"end":{"line":5,"column":6751}}],"line":5},"79":{"loc":{"start":{"line":5,"column":6704},"end":{"line":5,"column":6741}},"type":"if","locations":[{"start":{"line":5,"column":6704},"end":{"line":5,"column":6741}},{"start":{"line":5,"column":6704},"end":{"line":5,"column":6741}}],"line":5},"80":{"loc":{"start":{"line":5,"column":6707},"end":{"line":5,"column":6732}},"type":"binary-expr","locations":[{"start":{"line":5,"column":6707},"end":{"line":5,"column":6716}},{"start":{"line":5,"column":6718},"end":{"line":5,"column":6732}}],"line":5},"81":{"loc":{"start":{"line":5,"column":7311},"end":{"line":5,"column":7362}},"type":"if","locations":[{"start":{"line":5,"column":7311},"end":{"line":5,"column":7362}},{"start":{"line":5,"column":7311},"end":{"line":5,"column":7362}}],"line":5},"82":{"loc":{"start":{"line":5,"column":7432},"end":{"line":5,"column":7519}},"type":"if","locations":[{"start":{"line":5,"column":7432},"end":{"line":5,"column":7519}},{"start":{"line":5,"column":7432},"end":{"line":5,"column":7519}}],"line":5},"83":{"loc":{"start":{"line":5,"column":7435},"end":{"line":5,"column":7486}},"type":"binary-expr","locations":[{"start":{"line":5,"column":7435},"end":{"line":5,"column":7453}},{"start":{"line":5,"column":7456},"end":{"line":5,"column":7469}},{"start":{"line":5,"column":7471},"end":{"line":5,"column":7485}}],"line":5},"84":{"loc":{"start":{"line":5,"column":7617},"end":{"line":5,"column":7656}},"type":"if","locations":[{"start":{"line":5,"column":7617},"end":{"line":5,"column":7656}},{"start":{"line":5,"column":7617},"end":{"line":5,"column":7656}}],"line":5},"85":{"loc":{"start":{"line":5,"column":7792},"end":{"line":5,"column":7821}},"type":"if","locations":[{"start":{"line":5,"column":7792},"end":{"line":5,"column":7821}},{"start":{"line":5,"column":7792},"end":{"line":5,"column":7821}}],"line":5},"86":{"loc":{"start":{"line":5,"column":7910},"end":{"line":5,"column":7942}},"type":"binary-expr","locations":[{"start":{"line":5,"column":7910},"end":{"line":5,"column":7922}},{"start":{"line":5,"column":7924},"end":{"line":5,"column":7942}}],"line":5},"87":{"loc":{"start":{"line":5,"column":7943},"end":{"line":5,"column":8008}},"type":"if","locations":[{"start":{"line":5,"column":7943},"end":{"line":5,"column":8008}},{"start":{"line":5,"column":7943},"end":{"line":5,"column":8008}}],"line":5},"88":{"loc":{"start":{"line":5,"column":8008},"end":{"line":5,"column":8076}},"type":"if","locations":[{"start":{"line":5,"column":8008},"end":{"line":5,"column":8076}},{"start":{"line":5,"column":8008},"end":{"line":5,"column":8076}}],"line":5},"89":{"loc":{"start":{"line":5,"column":8076},"end":{"line":5,"column":8652}},"type":"if","locations":[{"start":{"line":5,"column":8076},"end":{"line":5,"column":8652}},{"start":{"line":5,"column":8076},"end":{"line":5,"column":8652}}],"line":5},"90":{"loc":{"start":{"line":5,"column":8079},"end":{"line":5,"column":8155}},"type":"binary-expr","locations":[{"start":{"line":5,"column":8079},"end":{"line":5,"column":8109}},{"start":{"line":5,"column":8111},"end":{"line":5,"column":8127}},{"start":{"line":5,"column":8129},"end":{"line":5,"column":8155}}],"line":5},"91":{"loc":{"start":{"line":5,"column":8184},"end":{"line":5,"column":8652}},"type":"if","locations":[{"start":{"line":5,"column":8184},"end":{"line":5,"column":8652}},{"start":{"line":5,"column":8184},"end":{"line":5,"column":8652}}],"line":5},"92":{"loc":{"start":{"line":5,"column":8187},"end":{"line":5,"column":8422}},"type":"binary-expr","locations":[{"start":{"line":5,"column":8187},"end":{"line":5,"column":8232}},{"start":{"line":5,"column":8234},"end":{"line":5,"column":8265}},{"start":{"line":5,"column":8267},"end":{"line":5,"column":8308}},{"start":{"line":5,"column":8310},"end":{"line":5,"column":8352}},{"start":{"line":5,"column":8354},"end":{"line":5,"column":8382}},{"start":{"line":5,"column":8384},"end":{"line":5,"column":8422}}],"line":5},"93":{"loc":{"start":{"line":5,"column":8424},"end":{"line":5,"column":8504}},"type":"if","locations":[{"start":{"line":5,"column":8424},"end":{"line":5,"column":8504}},{"start":{"line":5,"column":8424},"end":{"line":5,"column":8504}}],"line":5},"94":{"loc":{"start":{"line":5,"column":8510},"end":{"line":5,"column":8652}},"type":"if","locations":[{"start":{"line":5,"column":8510},"end":{"line":5,"column":8652}},{"start":{"line":5,"column":8510},"end":{"line":5,"column":8652}}],"line":5},"95":{"loc":{"start":{"line":5,"column":8537},"end":{"line":5,"column":8613}},"type":"if","locations":[{"start":{"line":5,"column":8537},"end":{"line":5,"column":8613}},{"start":{"line":5,"column":8537},"end":{"line":5,"column":8613}}],"line":5},"96":{"loc":{"start":{"line":5,"column":8739},"end":{"line":5,"column":8791}},"type":"if","locations":[{"start":{"line":5,"column":8739},"end":{"line":5,"column":8791}},{"start":{"line":5,"column":8739},"end":{"line":5,"column":8791}}],"line":5},"97":{"loc":{"start":{"line":5,"column":8791},"end":{"line":5,"column":8914}},"type":"if","locations":[{"start":{"line":5,"column":8791},"end":{"line":5,"column":8914}},{"start":{"line":5,"column":8791},"end":{"line":5,"column":8914}}],"line":5},"98":{"loc":{"start":{"line":5,"column":8794},"end":{"line":5,"column":8845}},"type":"binary-expr","locations":[{"start":{"line":5,"column":8794},"end":{"line":5,"column":8818}},{"start":{"line":5,"column":8820},"end":{"line":5,"column":8845}}],"line":5},"99":{"loc":{"start":{"line":5,"column":9060},"end":{"line":5,"column":9078}},"type":"cond-expr","locations":[{"start":{"line":5,"column":9067},"end":{"line":5,"column":9072}},{"start":{"line":5,"column":9073},"end":{"line":5,"column":9078}}],"line":5},"100":{"loc":{"start":{"line":5,"column":9081},"end":{"line":5,"column":9095}},"type":"cond-expr","locations":[{"start":{"line":5,"column":9088},"end":{"line":5,"column":9091}},{"start":{"line":5,"column":9092},"end":{"line":5,"column":9095}}],"line":5},"101":{"loc":{"start":{"line":5,"column":9174},"end":{"line":5,"column":9326}},"type":"if","locations":[{"start":{"line":5,"column":9174},"end":{"line":5,"column":9326}},{"start":{"line":5,"column":9174},"end":{"line":5,"column":9326}}],"line":5},"102":{"loc":{"start":{"line":5,"column":9265},"end":{"line":5,"column":9283}},"type":"cond-expr","locations":[{"start":{"line":5,"column":9272},"end":{"line":5,"column":9277}},{"start":{"line":5,"column":9278},"end":{"line":5,"column":9283}}],"line":5},"103":{"loc":{"start":{"line":5,"column":9286},"end":{"line":5,"column":9300}},"type":"cond-expr","locations":[{"start":{"line":5,"column":9293},"end":{"line":5,"column":9296}},{"start":{"line":5,"column":9297},"end":{"line":5,"column":9300}}],"line":5},"104":{"loc":{"start":{"line":5,"column":9465},"end":{"line":5,"column":9488}},"type":"if","locations":[{"start":{"line":5,"column":9465},"end":{"line":5,"column":9488}},{"start":{"line":5,"column":9465},"end":{"line":5,"column":9488}}],"line":5},"105":{"loc":{"start":{"line":5,"column":9776},"end":{"line":5,"column":9817}},"type":"cond-expr","locations":[{"start":{"line":5,"column":9792},"end":{"line":5,"column":9804}},{"start":{"line":5,"column":9805},"end":{"line":5,"column":9817}}],"line":5},"106":{"loc":{"start":{"line":5,"column":9818},"end":{"line":5,"column":9841}},"type":"cond-expr","locations":[{"start":{"line":5,"column":9834},"end":{"line":5,"column":9837}},{"start":{"line":5,"column":9838},"end":{"line":5,"column":9841}}],"line":5},"107":{"loc":{"start":{"line":5,"column":10522},"end":{"line":5,"column":10768}},"type":"if","locations":[{"start":{"line":5,"column":10522},"end":{"line":5,"column":10768}},{"start":{"line":5,"column":10522},"end":{"line":5,"column":10768}}],"line":5},"108":{"loc":{"start":{"line":5,"column":10643},"end":{"line":5,"column":10767}},"type":"if","locations":[{"start":{"line":5,"column":10643},"end":{"line":5,"column":10767}},{"start":{"line":5,"column":10643},"end":{"line":5,"column":10767}}],"line":5},"109":{"loc":{"start":{"line":5,"column":10706},"end":{"line":5,"column":10724}},"type":"cond-expr","locations":[{"start":{"line":5,"column":10713},"end":{"line":5,"column":10718}},{"start":{"line":5,"column":10719},"end":{"line":5,"column":10724}}],"line":5},"110":{"loc":{"start":{"line":5,"column":10727},"end":{"line":5,"column":10741}},"type":"cond-expr","locations":[{"start":{"line":5,"column":10734},"end":{"line":5,"column":10737}},{"start":{"line":5,"column":10738},"end":{"line":5,"column":10741}}],"line":5},"111":{"loc":{"start":{"line":5,"column":10768},"end":{"line":5,"column":10875}},"type":"if","locations":[{"start":{"line":5,"column":10768},"end":{"line":5,"column":10875}},{"start":{"line":5,"column":10768},"end":{"line":5,"column":10875}}],"line":5},"112":{"loc":{"start":{"line":5,"column":11421},"end":{"line":5,"column":11498}},"type":"if","locations":[{"start":{"line":5,"column":11421},"end":{"line":5,"column":11498}},{"start":{"line":5,"column":11421},"end":{"line":5,"column":11498}}],"line":5},"113":{"loc":{"start":{"line":5,"column":11646},"end":{"line":5,"column":11713}},"type":"if","locations":[{"start":{"line":5,"column":11646},"end":{"line":5,"column":11713}},{"start":{"line":5,"column":11646},"end":{"line":5,"column":11713}}],"line":5},"114":{"loc":{"start":{"line":5,"column":11713},"end":{"line":5,"column":11759}},"type":"if","locations":[{"start":{"line":5,"column":11713},"end":{"line":5,"column":11759}},{"start":{"line":5,"column":11713},"end":{"line":5,"column":11759}}],"line":5},"115":{"loc":{"start":{"line":5,"column":12154},"end":{"line":5,"column":12301}},"type":"if","locations":[{"start":{"line":5,"column":12154},"end":{"line":5,"column":12301}},{"start":{"line":5,"column":12154},"end":{"line":5,"column":12301}}],"line":5},"116":{"loc":{"start":{"line":5,"column":12885},"end":{"line":5,"column":13107}},"type":"if","locations":[{"start":{"line":5,"column":12885},"end":{"line":5,"column":13107}},{"start":{"line":5,"column":12885},"end":{"line":5,"column":13107}}],"line":5},"117":{"loc":{"start":{"line":5,"column":12932},"end":{"line":5,"column":13107}},"type":"if","locations":[{"start":{"line":5,"column":12932},"end":{"line":5,"column":13107}},{"start":{"line":5,"column":12932},"end":{"line":5,"column":13107}}],"line":5},"118":{"loc":{"start":{"line":5,"column":13006},"end":{"line":5,"column":13107}},"type":"if","locations":[{"start":{"line":5,"column":13006},"end":{"line":5,"column":13107}},{"start":{"line":5,"column":13006},"end":{"line":5,"column":13107}}],"line":5},"119":{"loc":{"start":{"line":5,"column":13163},"end":{"line":5,"column":13209}},"type":"cond-expr","locations":[{"start":{"line":5,"column":13183},"end":{"line":5,"column":13206}},{"start":{"line":5,"column":13207},"end":{"line":5,"column":13209}}],"line":5},"120":{"loc":{"start":{"line":5,"column":13210},"end":{"line":5,"column":13241}},"type":"if","locations":[{"start":{"line":5,"column":13210},"end":{"line":5,"column":13241}},{"start":{"line":5,"column":13210},"end":{"line":5,"column":13241}}],"line":5}},"s":{"0":1,"1":1,"2":1,"3":1,"4":0,"5":0,"6":0,"7":0,"8":0,"9":0,"10":0,"11":0,"12":0,"13":0,"14":1,"15":4,"16":3,"17":0,"18":0,"19":0,"20":0,"21":0,"22":0,"23":0,"24":3,"25":3,"26":2,"27":2,"28":4,"29":1,"30":1,"31":1,"32":1,"33":1,"34":0,"35":0,"36":1,"37":1,"38":1,"39":1,"40":1,"41":1,"42":0,"43":0,"44":0,"45":0,"46":1,"47":0,"48":0,"49":0,"50":0,"51":0,"52":0,"53":0,"54":0,"55":0,"56":0,"57":0,"58":0,"59":0,"60":0,"61":0,"62":0,"63":0,"64":0,"65":0,"66":0,"67":0,"68":0,"69":0,"70":0,"71":0,"72":0,"73":0,"74":0,"75":0,"76":0,"77":1,"78":0,"79":0,"80":0,"81":0,"82":0,"83":0,"84":0,"85":0,"86":0,"87":0,"88":0,"89":0,"90":0,"91":0,"92":0,"93":0,"94":0,"95":0,"96":0,"97":0,"98":0,"99":1,"100":1,"101":0,"102":0,"103":0,"104":0,"105":0,"106":0,"107":0,"108":0,"109":0,"110":0,"111":1,"112":0,"113":0,"114":0,"115":0,"116":0,"117":0,"118":0,"119":0,"120":0,"121":0,"122":0,"123":0,"124":0,"125":0,"126":0,"127":0,"128":0,"129":0,"130":0,"131":0,"132":0,"133":0,"134":0,"135":0,"136":0,"137":1,"138":0,"139":0,"140":0,"141":0,"142":0,"143":0,"144":0,"145":0,"146":0,"147":0,"148":0,"149":0,"150":0,"151":0,"152":0,"153":0,"154":0,"155":0,"156":0,"157":0,"158":0,"159":0,"160":0,"161":0,"162":1,"163":0,"164":0,"165":0,"166":0,"167":0,"168":0,"169":1,"170":0,"171":0,"172":0,"173":0,"174":0,"175":0,"176":0,"177":1,"178":0,"179":0,"180":0,"181":0,"182":0,"183":1,"184":1,"185":1,"186":1,"187":1,"188":1,"189":1,"190":1,"191":1,"192":1,"193":1,"194":3,"195":3,"196":1,"197":1,"198":1,"199":1,"200":1,"201":1,"202":1,"203":0,"204":0,"205":0,"206":0,"207":0,"208":0,"209":1,"210":1,"211":1,"212":1,"213":1,"214":1,"215":1,"216":0,"217":0,"218":0,"219":0,"220":0,"221":0,"222":0,"223":0,"224":0,"225":0,"226":1,"227":0,"228":0,"229":0,"230":1,"231":0,"232":0,"233":0,"234":0,"235":0,"236":0,"237":0,"238":1,"239":0,"240":0,"241":0,"242":0,"243":0,"244":0,"245":0,"246":0,"247":0,"248":0,"249":0,"250":0,"251":0,"252":0,"253":0,"254":0,"255":0,"256":0,"257":0,"258":0,"259":0,"260":0,"261":1,"262":0,"263":0,"264":0,"265":0,"266":0,"267":0,"268":0,"269":0,"270":0,"271":0,"272":0,"273":0,"274":0,"275":0,"276":0,"277":0,"278":0,"279":0,"280":0,"281":1,"282":0,"283":0,"284":0,"285":0,"286":0,"287":0,"288":0,"289":0,"290":1,"291":0,"292":0,"293":0,"294":0,"295":0,"296":0,"297":0,"298":0,"299":0,"300":0,"301":0,"302":0,"303":0,"304":0,"305":0,"306":0,"307":1,"308":0,"309":0,"310":0,"311":0,"312":0,"313":0,"314":0,"315":0,"316":0,"317":0,"318":0,"319":0,"320":0,"321":1,"322":0,"323":0,"324":0,"325":0,"326":0,"327":0,"328":0,"329":0,"330":0,"331":0,"332":0,"333":0,"334":0,"335":0,"336":0,"337":0,"338":0,"339":0,"340":0,"341":0,"342":0,"343":1,"344":0,"345":0,"346":0,"347":0,"348":0,"349":0,"350":0,"351":0,"352":0,"353":0,"354":1,"355":0,"356":1,"357":0,"358":0,"359":0,"360":0,"361":0,"362":0,"363":0,"364":0,"365":0,"366":1,"367":0,"368":0,"369":0,"370":0,"371":0,"372":0,"373":0,"374":0,"375":0,"376":0,"377":1,"378":0,"379":0,"380":0,"381":0,"382":1,"383":1,"384":1},"f":{"0":1,"1":1,"2":1,"3":4,"4":2,"5":1,"6":0,"7":0,"8":0,"9":0,"10":0,"11":0,"12":0,"13":0,"14":0,"15":0,"16":0,"17":0,"18":0,"19":0,"20":0,"21":1,"22":1,"23":1,"24":1,"25":0,"26":1,"27":0,"28":0,"29":0,"30":0,"31":0,"32":0,"33":0,"34":0,"35":0,"36":0,"37":0,"38":0,"39":0,"40":0,"41":0,"42":0,"43":0,"44":0,"45":0},"b":{"0":[1,0],"1":[1,1],"2":[0,0],"3":[0,0],"4":[0,0],"5":[0,0],"6":[0,0],"7":[3,1],"8":[0,3],"9":[0,0],"10":[0,0],"11":[0,0],"12":[0,0],"13":[2,0],"14":[1,1],"15":[0,0],"16":[0,0],"17":[0,0],"18":[0,0,0],"19":[0,0],"20":[0,0],"21":[0,0],"22":[0,0,0],"23":[0,0],"24":[0,0],"25":[0,0],"26":[0,0,0,0],"27":[0,0],"28":[0,0],"29":[0,0],"30":[0,0],"31":[0,0],"32":[0,0],"33":[0,0],"34":[0,0],"35":[0,0],"36":[0,0],"37":[0,0],"38":[0,0,0],"39":[0,0],"40":[0,0],"41":[0,0],"42":[0,0],"43":[0,0],"44":[0,0],"45":[0,0],"46":[0,0,0],"47":[0,0],"48":[0,0],"49":[0,0],"50":[0,0,0],"51":[0,0],"52":[0,0],"53":[0,0],"54":[0,0],"55":[0,0],"56":[0,0],"57":[0,0],"58":[0,0],"59":[0,0],"60":[0,0],"61":[0,0],"62":[0,0],"63":[0,0],"64":[0,0],"65":[0,0],"66":[0,0],"67":[0,0],"68":[0,0],"69":[1,1],"70":[1,0],"71":[0,1],"72":[1,1],"73":[0,1],"74":[1,0],"75":[0,1],"76":[1,1,1],"77":[3,0],"78":[1,0],"79":[0,0],"80":[0,0],"81":[0,0],"82":[0,0],"83":[0,0,0],"84":[0,0],"85":[0,0],"86":[0,0],"87":[0,0],"88":[0,0],"89":[0,0],"90":[0,0,0],"91":[0,0],"92":[0,0,0,0,0,0],"93":[0,0],"94":[0,0],"95":[0,0],"96":[0,0],"97":[0,0],"98":[0,0],"99":[0,0],"100":[0,0],"101":[0,0],"102":[0,0],"103":[0,0],"104":[0,0],"105":[0,0],"106":[0,0],"107":[0,0],"108":[0,0],"109":[0,0],"110":[0,0],"111":[0,0],"112":[0,0],"113":[0,0],"114":[0,0],"115":[0,0],"116":[0,0],"117":[0,0],"118":[0,0],"119":[0,0],"120":[0,0]},"_coverageSchema":"43e27e138ebf9cfc5966b082cf9a028302ed4184","hash":"7e18c86bdef38f397cda8f44b1653d66ca561f33"}
,"D:\\projects\\rss\\Winsler-2019Q1\\piskel-clone\\src\\assets\\gif.worker.js": {"path":"D:\\projects\\rss\\Winsler-2019Q1\\piskel-clone\\src\\assets\\gif.worker.js","statementMap":{"0":{"start":{"line":2,"column":0},"end":{"line":2,"column":16535}},"1":{"start":{"line":2,"column":35},"end":{"line":2,"column":335}},"2":{"start":{"line":2,"column":45},"end":{"line":2,"column":221}},"3":{"start":{"line":2,"column":61},"end":{"line":2,"column":96}},"4":{"start":{"line":2,"column":97},"end":{"line":2,"column":121}},"5":{"start":{"line":2,"column":106},"end":{"line":2,"column":121}},"6":{"start":{"line":2,"column":121},"end":{"line":2,"column":141}},"7":{"start":{"line":2,"column":126},"end":{"line":2,"column":141}},"8":{"start":{"line":2,"column":147},"end":{"line":2,"column":186}},"9":{"start":{"line":2,"column":187},"end":{"line":2,"column":220}},"10":{"start":{"line":2,"column":227},"end":{"line":2,"column":244}},"11":{"start":{"line":2,"column":245},"end":{"line":2,"column":334}},"12":{"start":{"line":2,"column":286},"end":{"line":2,"column":296}},"13":{"start":{"line":2,"column":297},"end":{"line":2,"column":312}},"14":{"start":{"line":2,"column":335},"end":{"line":2,"column":354}},"15":{"start":{"line":2,"column":361},"end":{"line":2,"column":396}},"16":{"start":{"line":2,"column":397},"end":{"line":2,"column":432}},"17":{"start":{"line":2,"column":407},"end":{"line":2,"column":408}},"18":{"start":{"line":2,"column":424},"end":{"line":2,"column":432}},"19":{"start":{"line":2,"column":432},"end":{"line":2,"column":440}},"20":{"start":{"line":2,"column":493},"end":{"line":2,"column":522}},"21":{"start":{"line":2,"column":538},"end":{"line":2,"column":564}},"22":{"start":{"line":2,"column":586},"end":{"line":2,"column":599}},"23":{"start":{"line":2,"column":599},"end":{"line":2,"column":613}},"24":{"start":{"line":2,"column":613},"end":{"line":2,"column":627}},"25":{"start":{"line":2,"column":628},"end":{"line":2,"column":652}},"26":{"start":{"line":2,"column":652},"end":{"line":2,"column":673}},"27":{"start":{"line":2,"column":673},"end":{"line":2,"column":739}},"28":{"start":{"line":2,"column":683},"end":{"line":2,"column":684}},"29":{"start":{"line":2,"column":695},"end":{"line":2,"column":739}},"30":{"start":{"line":2,"column":739},"end":{"line":2,"column":852}},"31":{"start":{"line":2,"column":778},"end":{"line":2,"column":837}},"32":{"start":{"line":2,"column":837},"end":{"line":2,"column":850}},"33":{"start":{"line":2,"column":852},"end":{"line":2,"column":1028}},"34":{"start":{"line":2,"column":898},"end":{"line":2,"column":900}},"35":{"start":{"line":2,"column":901},"end":{"line":2,"column":1017}},"36":{"start":{"line":2,"column":911},"end":{"line":2,"column":912}},"37":{"start":{"line":2,"column":938},"end":{"line":2,"column":1016}},"38":{"start":{"line":2,"column":948},"end":{"line":2,"column":949}},"39":{"start":{"line":2,"column":976},"end":{"line":2,"column":1015}},"40":{"start":{"line":2,"column":1017},"end":{"line":2,"column":1026}},"41":{"start":{"line":2,"column":1028},"end":{"line":2,"column":1164}},"42":{"start":{"line":2,"column":1072},"end":{"line":2,"column":1122}},"43":{"start":{"line":2,"column":1107},"end":{"line":2,"column":1122}},"44":{"start":{"line":2,"column":1122},"end":{"line":2,"column":1162}},"45":{"start":{"line":2,"column":1164},"end":{"line":2,"column":1289}},"46":{"start":{"line":2,"column":1215},"end":{"line":2,"column":1287}},"47":{"start":{"line":2,"column":1225},"end":{"line":2,"column":1238}},"48":{"start":{"line":2,"column":1241},"end":{"line":2,"column":1242}},"49":{"start":{"line":2,"column":1251},"end":{"line":2,"column":1287}},"50":{"start":{"line":2,"column":1289},"end":{"line":2,"column":1427}},"51":{"start":{"line":2,"column":1350},"end":{"line":2,"column":1425}},"52":{"start":{"line":2,"column":1360},"end":{"line":2,"column":1380}},"53":{"start":{"line":2,"column":1383},"end":{"line":2,"column":1392}},"54":{"start":{"line":2,"column":1401},"end":{"line":2,"column":1425}},"55":{"start":{"line":2,"column":1461},"end":{"line":2,"column":1480}},"56":{"start":{"line":2,"column":1480},"end":{"line":2,"column":1501}},"57":{"start":{"line":2,"column":1501},"end":{"line":2,"column":1523}},"58":{"start":{"line":2,"column":1523},"end":{"line":2,"column":1541}},"59":{"start":{"line":2,"column":1541},"end":{"line":2,"column":1556}},"60":{"start":{"line":2,"column":1556},"end":{"line":2,"column":1569}},"61":{"start":{"line":2,"column":1569},"end":{"line":2,"column":1585}},"62":{"start":{"line":2,"column":1585},"end":{"line":2,"column":1602}},"63":{"start":{"line":2,"column":1602},"end":{"line":2,"column":1626}},"64":{"start":{"line":2,"column":1626},"end":{"line":2,"column":1647}},"65":{"start":{"line":2,"column":1647},"end":{"line":2,"column":1666}},"66":{"start":{"line":2,"column":1666},"end":{"line":2,"column":1685}},"67":{"start":{"line":2,"column":1685},"end":{"line":2,"column":1710}},"68":{"start":{"line":2,"column":1710},"end":{"line":2,"column":1725}},"69":{"start":{"line":2,"column":1725},"end":{"line":2,"column":1741}},"70":{"start":{"line":2,"column":1741},"end":{"line":2,"column":1762}},"71":{"start":{"line":2,"column":1762},"end":{"line":2,"column":1777}},"72":{"start":{"line":2,"column":1777},"end":{"line":2,"column":1795}},"73":{"start":{"line":2,"column":1795},"end":{"line":2,"column":1820}},"74":{"start":{"line":2,"column":1820},"end":{"line":2,"column":1842}},"75":{"start":{"line":2,"column":1843},"end":{"line":2,"column":1936}},"76":{"start":{"line":2,"column":1896},"end":{"line":2,"column":1934}},"77":{"start":{"line":2,"column":1936},"end":{"line":2,"column":2016}},"78":{"start":{"line":2,"column":1984},"end":{"line":2,"column":2014}},"79":{"start":{"line":2,"column":2016},"end":{"line":2,"column":2117}},"80":{"start":{"line":2,"column":2071},"end":{"line":2,"column":2115}},"81":{"start":{"line":2,"column":2090},"end":{"line":2,"column":2115}},"82":{"start":{"line":2,"column":2117},"end":{"line":2,"column":2185}},"83":{"start":{"line":2,"column":2165},"end":{"line":2,"column":2183}},"84":{"start":{"line":2,"column":2185},"end":{"line":2,"column":2261}},"85":{"start":{"line":2,"column":2237},"end":{"line":2,"column":2259}},"86":{"start":{"line":2,"column":2261},"end":{"line":2,"column":2772}},"87":{"start":{"line":2,"column":2311},"end":{"line":2,"column":2332}},"88":{"start":{"line":2,"column":2332},"end":{"line":2,"column":2415}},"89":{"start":{"line":2,"column":2415},"end":{"line":2,"column":2437}},"90":{"start":{"line":2,"column":2437},"end":{"line":2,"column":2458}},"91":{"start":{"line":2,"column":2458},"end":{"line":2,"column":2520}},"92":{"start":{"line":2,"column":2487},"end":{"line":2,"column":2520}},"93":{"start":{"line":2,"column":2520},"end":{"line":2,"column":2620}},"94":{"start":{"line":2,"column":2540},"end":{"line":2,"column":2556}},"95":{"start":{"line":2,"column":2556},"end":{"line":2,"column":2576}},"96":{"start":{"line":2,"column":2576},"end":{"line":2,"column":2619}},"97":{"start":{"line":2,"column":2595},"end":{"line":2,"column":2618}},"98":{"start":{"line":2,"column":2620},"end":{"line":2,"column":2647}},"99":{"start":{"line":2,"column":2647},"end":{"line":2,"column":2669}},"100":{"start":{"line":2,"column":2669},"end":{"line":2,"column":2730}},"101":{"start":{"line":2,"column":2710},"end":{"line":2,"column":2730}},"102":{"start":{"line":2,"column":2730},"end":{"line":2,"column":2749}},"103":{"start":{"line":2,"column":2749},"end":{"line":2,"column":2770}},"104":{"start":{"line":2,"column":2772},"end":{"line":2,"column":2835}},"105":{"start":{"line":2,"column":2811},"end":{"line":2,"column":2833}},"106":{"start":{"line":2,"column":2835},"end":{"line":2,"column":2929}},"107":{"start":{"line":2,"column":2885},"end":{"line":2,"column":2908}},"108":{"start":{"line":2,"column":2898},"end":{"line":2,"column":2908}},"109":{"start":{"line":2,"column":2908},"end":{"line":2,"column":2927}},"11
[...]
":55}},"7":{"start":{"line":15,"column":6},"end":{"line":15,"column":52}},"8":{"start":{"line":16,"column":6},"end":{"line":16,"column":13}},"9":{"start":{"line":18,"column":22},"end":{"line":21,"column":8}},"10":{"start":{"line":20,"column":8},"end":{"line":20,"column":61}},"11":{"start":{"line":22,"column":4},"end":{"line":23,"column":39}},"12":{"start":{"line":24,"column":4},"end":{"line":25,"column":32}},"13":{"start":{"line":26,"column":4},"end":{"line":26,"column":76}},"14":{"start":{"line":27,"column":4},"end":{"line":27,"column":53}},"15":{"start":{"line":28,"column":4},"end":{"line":28,"column":50}},"16":{"start":{"line":32,"column":4},"end":{"line":45,"column":5}},"17":{"start":{"line":33,"column":6},"end":{"line":33,"column":51}},"18":{"start":{"line":34,"column":6},"end":{"line":37,"column":7}},"19":{"start":{"line":35,"column":8},"end":{"line":35,"column":107}},"20":{"start":{"line":36,"column":8},"end":{"line":36,"column":62}},"21":{"start":{"line":38,"column":6},"end":{"line":39,"column":34}},"22":{"start":{"line":40,"column":6},"end":{"line":40,"column":83}},"23":{"start":{"line":41,"column":6},"end":{"line":42,"column":39}},"24":{"start":{"line":43,"column":6},"end":{"line":43,"column":75}},"25":{"start":{"line":44,"column":6},"end":{"line":44,"column":65}},"26":{"start":{"line":48,"column":2},"end":{"line":48,"column":17}},"27":{"start":{"line":54,"column":2},"end":{"line":54,"column":41}},"28":{"start":{"line":55,"column":2},"end":{"line":55,"column":14}},"29":{"start":{"line":61,"column":2},"end":{"line":61,"column":40}},"30":{"start":{"line":62,"column":2},"end":{"line":62,"column":14}},"31":{"start":{"line":66,"column":2},"end":{"line":68,"column":4}},"32":{"start":{"line":67,"column":4},"end":{"line":67,"column":41}},"33":{"start":{"line":72,"column":20},"end":{"line":72,"column":80}},"34":{"start":{"line":74,"column":4},"end":{"line":77,"column":5}},"35":{"start":{"line":75,"column":6},"end":{"line":75,"column":57}},"36":{"start":{"line":76,"column":6},"end":{"line":76,"column":69}},"37":{"start":{"line":81,"column":4},"end":{"line":81,"column":54}},"38":{"start":{"line":82,"column":4},"end":{"line":82,"column":64}},"39":{"start":{"line":85,"column":2},"end":{"line":85,"column":29}},"40":{"start":{"line":91,"column":4},"end":{"line":91,"column":43}},"41":{"start":{"line":92,"column":4},"end":{"line":92,"column":41}},"42":{"start":{"line":93,"column":4},"end":{"line":94,"column":75}},"43":{"start":{"line":97,"column":2},"end":{"line":97,"column":17}}},"fnMap":{"0":{"name":"getOnOpenShortcutMenuHandler","decl":{"start":{"line":3,"column":24},"end":{"line":3,"column":52}},"loc":{"start":{"line":3,"column":65},"end":{"line":49,"column":1}},"line":3},"1":{"name":"changeShortcut","decl":{"start":{"line":9,"column":11},"end":{"line":9,"column":25}},"loc":{"start":{"line":9,"column":38},"end":{"line":29,"column":3}},"line":9},"2":{"name":"(anonymous_2)","decl":{"start":{"line":19,"column":26},"end":{"line":19,"column":27}},"loc":{"start":{"line":19,"column":32},"end":{"line":21,"column":7}},"line":19},"3":{"name":"onClick","decl":{"start":{"line":31,"column":11},"end":{"line":31,"column":18}},"loc":{"start":{"line":31,"column":29},"end":{"line":46,"column":3}},"line":31},"4":{"name":"closeShortcutMenu","decl":{"start":{"line":52,"column":9},"end":{"line":52,"column":26}},"loc":{"start":{"line":52,"column":46},"end":{"line":56,"column":1}},"line":52},"5":{"name":"showShortcutMenu","decl":{"start":{"line":59,"column":9},"end":{"line":59,"column":25}},"loc":{"start":{"line":59,"column":45},"end":{"line":63,"column":1}},"line":59},"6":{"name":"getCloseShortcutMenuHandler","decl":{"start":{"line":65,"column":16},"end":{"line":65,"column":43}},"loc":{"start":{"line":65,"column":63},"end":{"line":69,"column":1}},"line":65},"7":{"name":"(anonymous_7)","decl":{"start":{"line":66,"column":9},"end":{"line":66,"column":10}},"loc":{"start":{"line":66,"column":15},"end":{"line":68,"column":3}},"line":66},"8":{"name":"getShortcutMenuClickHandler","decl":{"start":{"line":71,"column":16},"end":{"line":71,"column":43}},"loc":{"start":{"line":71,"column":60},"end":{"line":86,"column":1}},"line":71},"9":{"name":"onEsc","decl":{"start":{"line":73,"column":11},"end":{"line":73,"column":16}},"loc":{"start":{"line":73,"column":28},"end":{"line":78,"column":3}},"line":73},"10":{"name":"onShortcutMenuClick","decl":{"start":{"line":80,"column":11},"end":{"line":80,"column":30}},"loc":{"start":{"line":80,"column":33},"end":{"line":83,"column":3}},"line":80},"11":{"name":"getRestoreBtnHandler","decl":{"start":{"line":89,"column":16},"end":{"line":89,"column":36}},"loc":{"start":{"line":89,"column":53},"end":{"line":98,"column":1}},"line":89},"12":{"name":"onClick","decl":{"start":{"line":90,"column":11},"end":{"line":90,"column":18}},"loc":{"start":{"line":90,"column":21},"end":{"line":95,"column":3}},"line":90}},"branchMap":{"0":{"loc":{"start":{"line":10,"column":4},"end":{"line":17,"column":5}},"type":"if","locations":[{"start":{"line":10,"column":4},"end":{"line":17,"column":5}},{"start":{"line":10,"column":4},"end":{"line":17,"column":5}}],"line":10},"1":{"loc":{"start":{"line":32,"column":4},"end":{"line":45,"column":5}},"type":"if","locations":[{"start":{"line":32,"column":4},"end":{"line":45,"column":5}},{"start":{"line":32,"column":4},"end":{"line":45,"column":5}}],"line":32},"2":{"loc":{"start":{"line":34,"column":6},"end":{"line":37,"column":7}},"type":"if","locations":[{"start":{"line":34,"column":6},"end":{"line":37,"column":7}},{"start":{"line":34,"column":6},"end":{"line":37,"column":7}}],"line":34},"3":{"loc":{"start":{"line":74,"column":4},"end":{"line":77,"column":5}},"type":"if","locations":[{"start":{"line":74,"column":4},"end":{"line":77,"column":5}},{"start":{"line":74,"column":4},"end":{"line":77,"column":5}}],"line":74},"4":{"loc":{"start":{"line":74,"column":8},"end":{"line":74,"column":83}},"type":"binary-expr","locations":[{"start":{"line":74,"column":8},"end":{"line":74,"column":41}},{"start":{"line":74,"column":45},"end":{"line":74,"column":83}}],"line":74}},"s":{"0":1,"1":0,"2":0,"3":0,"4":0,"5":0,"6":0,"7":0,"8":0,"9":0,"10":0,"11":0,"12":0,"13":0,"14":0,"15":0,"16":0,"17":0,"18":0,"19":0,"20":0,"21":0,"22":0,"23":0,"24":0,"25":0,"26":0,"27":0,"28":0,"29":0,"30":0,"31":0,"32":0,"33":0,"34":0,"35":0,"36":0,"37":0,"38":0,"39":0,"40":0,"41":0,"42":0,"43":0},"f":{"0":0,"1":0,"2":0,"3":0,"4":0,"5":0,"6":0,"7":0,"8":0,"9":0,"10":0,"11":0,"12":0},"b":{"0":[0,0],"1":[0,0],"2":[0,0],"3":[0,0],"4":[0,0]},"_coverageSchema":"43e27e138ebf9cfc5966b082cf9a028302ed4184","hash":"4ea109f20daf6206b9e0646487f144cf2bfdfd27"}
,"D:\\projects\\rss\\Winsler-2019Q1\\piskel-clone\\src\\controllers\\utils\\misc\\index.js": {"path":"D:\\projects\\rss\\Winsler-2019Q1\\piskel-clone\\src\\controllers\\utils\\misc\\index.js","statementMap":{"0":{"start":{"line":2,"column":15},"end":{"line":2,"column":40}},"1":{"start":{"line":3,"column":2},"end":{"line":3,"column":39}},"2":{"start":{"line":4,"column":2},"end":{"line":4,"column":31}},"3":{"start":{"line":5,"column":16},"end":{"line":5,"column":72}},"4":{"start":{"line":6,"column":2},"end":{"line":6,"column":50}},"5":{"start":{"line":7,"column":2},"end":{"line":7,"column":34}},"6":{"start":{"line":8,"column":2},"end":{"line":8,"column":55}},"7":{"start":{"line":12,"column":2},"end":{"line":12,"column":72}},"8":{"start":{"line":13,"column":2},"end":{"line":23,"column":7}},"9":{"start":{"line":14,"column":12},"end":{"line":14,"column":13}},"10":{"start":{"line":15,"column":4},"end":{"line":22,"column":6}},"11":{"start":{"line":16,"column":6},"end":{"line":20,"column":7}},"12":{"start":{"line":17,"column":8},"end":{"line":17,"column":14}},"13":{"start":{"line":19,"column":8},"end":{"line":19,"column":15}},"14":{"start":{"line":21,"column":6},"end":{"line":21,"column":21}},"15":{"start":{"line":27,"column":2},"end":{"line":29,"column":3}},"16":{"start":{"line":28,"column":4},"end":{"line":28,"column":11}},"17":{"start":{"line":30,"column":2},"end":{"line":32,"column":3}},"18":{"start":{"line":31,"column":4},"end":{"line":31,"column":81}}},"fnMap":{"0":{"name":"renderViewWithRandomRect","decl":{"start":{"line":1,"column":9},"end":{"line":1,"column":33}},"loc":{"start":{"line":1,"column":36},"end":{"line":9,"column":1}},"line":1},"1":{"name":"setLiveRects","decl":{"start":{"line":11,"column":16},"end":{"line":11,"column":28}},"loc":{"start":{"line":11,"column":31},"end":{"line":24,"column":1}},"line":11},"2":{"name":"getNextWrapepr","decl":{"start":{"line":13,"column":43},"end":{"line":13,"column":57}},"loc":{"start":{"line":13,"column":60},"end":{"line":23,"column":3}},"line":13},"3":{"name":"getNext","decl":{"start":{"line":15,"column":20},"end":{"line":15,"column":27}},"loc":{"start":{"line":15,"column":30},"end":{"line":22,"column":5}},"line":15},"4":{"name":"saveHistory","decl":{"start":{"line":26,"column":16},"end":{"line":26,"column":27}},"loc":{"start":{"line":26,"column":31},"end":{"line":33,"column":1}},"line":26}},"branchMap":{"0":{"loc":{"start":{"line":16,"column":6},"end":{"line":20,"column":7}},"type":"if","locations":[{"start":{"line":16,"column":6},"end":{"line":20,"column":7}},{"start":{"line":16,"column":6},"end":{"line":20,"column":7}}],"line":16},"1":{"loc":{"start":{"line":27,"column":2},"end":{"line":29,"column":3}},"type":"if","locations":[{"start":{"line":27,"column":2},"end":{"line":29,"column":3}},{"start":{"line":27,"column":2},"end":{"line":29,"column":3}}],"line":27},"2":{"loc":{"start":{"line":27,"column":6},"end":{"line":27,"column":61}},"type":"binary-expr","locations":[{"start":{"line":27,"column":6},"end":{"line":27,"column":28}},{"start":{"line":27,"column":32},"end":{"line":27,"column":61}}],"line":27},"3":{"loc":{"start":{"line":30,"column":2},"end":{"line":32,"column":3}},"type":"if","locations":[{"start":{"line":30,"column":2},"end":{"line":32,"column":3}},{"start":{"line":30,"column":2},"end":{"line":32,"column":3}}],"line":30}},"s":{"0":0,"1":0,"2":0,"3":0,"4":0,"5":0,"6":0,"7":0,"8":0,"9":0,"10":0,"11":0,"12":0,"13":0,"14":0,"15":0,"16":0,"17":0,"18":0},"f":{"0":0,"1":0,"2":0,"3":0,"4":0},"b":{"0":[0,0],"1":[0,0],"2":[0,0],"3":[0,0]},"_coverageSchema":"43e27e138ebf9cfc5966b082cf9a028302ed4184","hash":"c644abc984e0992152f5f49be52c373327682fa8"}
,"D:\\projects\\rss\\Winsler-2019Q1\\piskel-clone\\src\\models\\index.js": {"path":"D:\\projects\\rss\\Winsler-2019Q1\\piskel-clone\\src\\models\\index.js","statementMap":{},"fnMap":{},"branchMap":{},"s":{},"f":{},"b":{},"_coverageSchema":"43e27e138ebf9cfc5966b082cf9a028302ed4184","hash":"6bf82bd8eab04533ed5172995392c9efc9ae2c4b"}
,"D:\\projects\\rss\\Winsler-2019Q1\\piskel-clone\\src\\models\\model.js": {"path":"D:\\projects\\rss\\Winsler-2019Q1\\piskel-clone\\src\\models\\model.js","statementMap":{"0":{"start":{"line":3,"column":4},"end":{"line":5,"column":6}},"1":{"start":{"line":9,"column":19},"end":{"line":9,"column":37}},"2":{"start":{"line":10,"column":17},"end":{"line":10,"column":70}},"3":{"start":{"line":11,"column":4},"end":{"line":11,"column":62}},"4":{"start":{"line":11,"column":27},"end":{"line":11,"column":60}},"5":{"start":{"line":11,"column":41},"end":{"line":11,"column":59}},"6":{"start":{"line":15,"column":23},"end":{"line":15,"column":53}},"7":{"start":{"line":16,"column":22},"end":{"line":16,"column":51}},"8":{"start":{"line":17,"column":22},"end":{"line":17,"column":46}},"9":{"start":{"line":18,"column":18},"end":{"line":18,"column":58}},"10":{"start":{"line":20,"column":22},"end":{"line":20,"column":47}},"11":{"start":{"line":21,"column":18},"end":{"line":21,"column":57}},"12":{"start":{"line":23,"column":4},"end":{"line":23,"column":26}}},"fnMap":{"0":{"name":"(anonymous_0)","decl":{"start":{"line":2,"column":2},"end":{"line":2,"column":3}},"loc":{"start":{"line":2,"column":21},"end":{"line":6,"column":3}},"line":2},"1":{"name":"(anonymous_1)","decl":{"start":{"line":8,"column":2},"end":{"line":8,"column":3}},"loc":{"start":{"line":8,"column":17},"end":{"line":12,"column":3}},"line":8},"2":{"name":"(anonymous_2)","decl":{"start":{"line":11,"column":20},"end":{"line":11,"column":21}},"loc":{"start":{"line":11,"column":27},"end":{"line":11,"column":60}},"line":11},"3":{"name":"(anonymous_3)","decl":{"start":{"line":11,"column":35},"end":{"line":11,"column":36}},"loc":{"start":{"line":11,"column":41},"end":{"line":11,"column":59}},"line":11},"4":{"name":"(anonymous_4)","decl":{"start":{"line":14,"column":2},"end":{"line":14,"column":3}},"loc":{"start":{"line":14,"column":71},"end":{"line":24,"column":3}},"line":14}},"branchMap":{"0":{"loc":{"start":{"line":15,"column":23},"end":{"line":15,"column":53}},"type":"cond-expr","locations":[{"start":{"line":15,"column":32},"end":{"line":15,"column":49}},{"start":{"line":15,"column":52},"end":{"line":15,"column":53}}],"line":15},"1":{"loc":{"start":{"line":16,"column":22},"end":{"line":16,"column":51}},"type":"cond-expr","locations":[{"start":{"line":16,"column":31},"end":{"line":16,"column":47}},{"start":{"line":16,"column":50},"end":{"line":16,"column":51}}],"line":16}},"s":{"0":3,"1":3,"2":3,"3":3,"4":9,"5":41,"6":4,"7":4,"8":4,"9":4,"10":4,"11":4,"12":4},"f":{"0":3,"1":3,"2":9,"3":41,"4":4},"b":{"0":[1,3],"1":[1,3]},"_coverageSchema":"43e27e138ebf9cfc5966b082cf9a028302ed4184","hash":"1b05dac488be67bdd4a9d4427499fef81e3ab695"}
,"D:\\projects\\rss\\Winsler-2019Q1\\piskel-clone\\src\\utils\\List\\List.js": {"path":"D:\\projects\\rss\\Winsler-2019Q1\\piskel-clone\\src\\utils\\List\\List.js","statementMap":{"0":{"start":{"line":5,"column":4},"end":{"line":5,"column":22}},"1":{"start":{"line":9,"column":17},"end":{"line":9,"column":35}},"2":{"start":{"line":10,"column":4},"end":{"line":16,"column":5}},"3":{"start":{"line":11,"column":6},"end":{"line":13,"column":7}},"4":{"start":{"line":12,"column":8},"end":{"line":12,"column":37}},"5":{"start":{"line":14,"column":6},"end":{"line":14,"column":29}},"6":{"start":{"line":15,"column":6},"end":{"line":15,"column":33}},"7":{"start":{"line":17,"column":4},"end":{"line":17,"column":22}},"8":{"start":{"line":18,"column":4},"end":{"line":18,"column":22}},"9":{"start":{"line":22,"column":4},"end":{"line":24,"column":5}},"10":{"start":{"line":23,"column":6},"end":{"line":23,"column":23}},"11":{"start":{"line":25,"column":17},"end":{"line":25,"column":36}},"12":{"start":{"line":26,"column":4},"end":{"line":29,"column":5}},"13":{"start":{"line":27,"column":6},"end":{"line":27,"column":24}},"14":{"start":{"line":28,"column":6},"end":{"line":28,"column":24}},"15":{"start":{"line":30,"column":4},"end":{"line":30,"column":21}},"16":{"start":{"line":34,"column":4},"end":{"line":36,"column":5}},"17":{"start":{"line":35,"column":6},"end":{"line":35,"column":23}},"18":{"start":{"line":37,"column":17},"end":{"line":37,"column":32}},"19":{"start":{"line":38,"column":4},"end":{"line":41,"column":5}},"20":{"start":{"line":39,"column":6},"end":{"line":39,"column":24}},"21":{"start":{"line":40,"column":6},"end":{"line":40,"column":24}},"22":{"start":{"line":42,"column":4},"end":{"line":42,"column":21}},"23":{"start":{"line":46,"column":4},"end":{"line":46,"column":22}},"24":{"start":{"line":50,"column":4},"end":{"line":50,"column":23}}},"fnMap":{"0":{"name":"(anonymous_0)","decl":{"start":{"line":4,"column":2},"end":{"line":4,"column":3}},"loc":{"start":{"line":4,"column":16},"end":{"line":6,"column":3}},"line":4},"1":{"name":"(anonymous_1)","decl":{"start":{"line":8,"column":2},"end":{"line":8,"column":3}},"loc":{"start":{"line":8,"column":15},"end":{"line":19,"column":3}},"line":8},"2":{"name":"(anonymous_2)","decl":{"start":{"line":21,"column":2},"end":{"line":21,"column":3}},"loc":{"start":{"line":21,"column":13},"end":{"line":31,"column":3}},"line":21},"3":{"name":"(anonymous_3)","decl":{"start":{"line":33,"column":2},"end":{"line":33,"column":3}},"loc":{"start":{"line":33,"column":9},"end":{"line":43,"column":3}},"line":33},"4":{"name":"(anonymous_4)","decl":{"start":{"line":45,"column":2},"end":{"line":45,"column":3}},"loc":{"start":{"line":45,"column":14},"end":{"line":47,"column":3}},"line":45},"5":{"name":"(anonymous_5)","decl":{"start":{"line":49,"column":2},"end":{"line":49,"column":3}},"loc":{"start":{"line":49,"column":12},"end":{"line":51,"column":3}},"line":49}},"branchMap":{"0":{"loc":{"start":{"line":10,"column":4},"end":{"line":16,"column":5}},"type":"if","locations":[{"start":{"line":10,"column":4},"end":{"line":16,"column":5}},{"start":{"line":10,"column":4},"end":{"line":16,"column":5}}],"line":10},"1":{"loc":{"start":{"line":11,"column":6},"end":{"line":13,"column":7}},"type":"if","locations":[{"start":{"line":11,"column":6},"end":{"line":13,"column":7}},{"start":{"line":11,"column":6},"end":{"line":13,"column":7}}],"line":11},"2":{"loc":{"start":{"line":22,"column":4},"end":{"line":24,"column":5}},"type":"if","locations":[{"start":{"line":22,"column":4},"end":{"line":24,"column":5}},{"start":{"line":22,"column":4},"end":{"line":24,"column":5}}],"line":22},"3":{"loc":{"start":{"line":26,"column":4},"end":{"line":29,"column":5}},"type":"if","locations":[{"start":{"line":26,"column":4},"end":{"line":29,"column":5}},{"start":{"line":26,"column":4},"end":{"line":29,"column":5}}],"line":26},"4":{"loc":{"start":{"line":34,"column":4},"end":{"line":36,"column":5}},"type":"if","locations":[{"start":{"line":34,"column":4},"end":{"line":36,"column":5}},{"start":{"line":34,"column":4},"end":{"line":36,"column":5}}],"line":34},"5":{"loc":{"start":{"line":38,"column":4},"end":{"line":41,"column":5}},"type":"if","locations":[{"start":{"line":38,"column":4},"end":{"line":41,"column":5}},{"start":{"line":38,"column":4},"end":{"line":41,"column":5}}],"line":38}},"s":{"0":9,"1":9,"2":9,"3":4,"4":0,"5":4,"6":4,"7":9,"8":9,"9":7,"10":1,"11":6,"12":6,"13":4,"14":4,"15":2,"16":4,"17":1,"18":3,"19":3,"20":2,"21":2,"22":1,"23":2,"24":3},"f":{"0":9,"1":9,"2":7,"3":4,"4":2,"5":3},"b":{"0":[4,5],"1":[0,4],"2":[1,6],"3":[4,2],"4":[1,3],"5":[2,1]},"_coverageSchema":"43e27e138ebf9cfc5966b082cf9a028302ed4184","hash":"379a63610c701870b5a316ec2128e894af67cf5e"}
,"D:\\projects\\rss\\Winsler-2019Q1\\piskel-clone\\src\\utils\\List\\ListItem.js": {"path":"D:\\projects\\rss\\Winsler-2019Q1\\piskel-clone\\src\\utils\\List\\ListItem.js","statementMap":{"0":{"start":{"line":3,"column":4},"end":{"line":3,"column":50}},"1":{"start":{"line":4,"column":4},"end":{"line":4,"column":37}},"2":{"start":{"line":5,"column":4},"end":{"line":5,"column":29}},"3":{"start":{"line":9,"column":4},"end":{"line":9,"column":25}},"4":{"start":{"line":10,"column":4},"end":{"line":10,"column":21}}},"fnMap":{"0":{"name":"(anonymous_0)","decl":{"start":{"line":2,"column":2},"end":{"line":2,"column":3}},"loc":{"start":{"line":2,"column":36},"end":{"line":6,"column":3}},"line":2},"1":{"name":"(anonymous_1)","decl":{"start":{"line":8,"column":2},"end":{"line":8,"column":3}},"loc":{"start":{"line":8,"column":15},"end":{"line":11,"column":3}},"line":8}},"branchMap":{"0":{"loc":{"start":{"line":4,"column":20},"end":{"line":4,"column":36}},"type":"binary-expr","locations":[{"start":{"line":4,"column":20},"end":{"line":4,"column":28}},{"start":{"line":4,"column":32},"end":{"line":4,"column":36}}],"line":4},"1":{"loc":{"start":{"line":5,"column":16},"end":{"line":5,"column":28}},"type":"binary-expr","locations":[{"start":{"line":5,"column":16},"end":{"line":5,"column":20}},{"start":{"line":5,"column":24},"end":{"line":5,"column":28}}],"line":5}},"s":{"0":9,"1":9,"2":9,"3":0,"4":0},"f":{"0":9,"1":0},"b":{"0":[9,9],"1":[9,9]},"_coverageSchema":"43e27e138ebf9cfc5966b082cf9a028302ed4184","hash":"68e4d6bc73851971c4e510229910db550308b5d7"}
,"D:\\projects\\rss\\Winsler-2019Q1\\piskel-clone\\src\\utils\\List\\index.js": {"path":"D:\\projects\\rss\\Winsler-2019Q1\\piskel-clone\\src\\utils\\List\\index.js","statementMap":{},"fnMap":{},"branchMap":{},"s":{},"f":{},"b":{},"_coverageSchema":"43e27e138ebf9cfc5966b082cf9a028302ed4184","hash":"7dd7e5a9c2b3ed0b6905d40267a798f803d0cf05"}
}
