{"D:\\projects\\rss\\Winsler-2019Q1\\piskel-clone\\src\\models\\index.js": {"path":"D:\\projects\\rss\\Winsler-2019Q1\\piskel-clone\\src\\models\\index.js","statementMap":{},"fnMap":{},"branchMap":{},"s":{},"f":{},"b":{},"_coverageSchema":"43e27e138ebf9cfc5966b082cf9a028302ed4184","hash":"df57f6d813c532d9cae5f19e64c511195e4e665a"}
,"D:\\projects\\rss\\Winsler-2019Q1\\piskel-clone\\src\\models\\model.js": {"path":"D:\\projects\\rss\\Winsler-2019Q1\\piskel-clone\\src\\models\\model.js","statementMap":{"0":{"start":{"line":3,"column":4},"end":{"line":5,"column":6}},"1":{"start":{"line":9,"column":19},"end":{"line":9,"column":37}},"2":{"start":{"line":10,"column":17},"end":{"line":10,"column":70}},"3":{"start":{"line":11,"column":4},"end":{"line":11,"column":62}},"4":{"start":{"line":11,"column":27},"end":{"line":11,"column":60}},"5":{"start":{"line":11,"column":41},"end":{"line":11,"column":59}},"6":{"start":{"line":15,"column":23},"end":{"line":15,"column":53}},"7":{"start":{"line":16,"column":22},"end":{"line":16,"column":51}},"8":{"start":{"line":17,"column":22},"end":{"line":17,"column":46}},"9":{"start":{"line":18,"column":18},"end":{"line":18,"column":58}},"10":{"start":{"line":20,"column":22},"end":{"line":20,"column":47}},"11":{"start":{"line":21,"column":18},"end":{"line":21,"column":57}},"12":{"start":{"line":23,"column":4},"end":{"line":23,"column":26}}},"fnMap":{"0":{"name":"(anonymous_0)","decl":{"start":{"line":2,"column":2},"end":{"line":2,"column":3}},"loc":{"start":{"line":2,"column":21},"end":{"line":6,"column":3}},"line":2},"1":{"name":"(anonymous_1)","decl":{"start":{"line":8,"column":2},"end":{"line":8,"column":3}},"loc":{"start":{"line":8,"column":17},"end":{"line":12,"column":3}},"line":8},"2":{"name":"(anonymous_2)","decl":{"start":{"line":11,"column":20},"end":{"line":11,"column":21}},"loc":{"start":{"line":11,"column":27},"end":{"line":11,"column":60}},"line":11},"3":{"name":"(anonymous_3)","decl":{"start":{"line":11,"column":35},"end":{"line":11,"column":36}},"loc":{"start":{"line":11,"column":41},"end":{"line":11,"column":59}},"line":11},"4":{"name":"(anonymous_4)","decl":{"start":{"line":14,"column":2},"end":{"line":14,"column":3}},"loc":{"start":{"line":14,"column":71},"end":{"line":24,"column":3}},"line":14}},"branchMap":{"0":{"loc":{"start":{"line":15,"column":23},"end":{"line":15,"column":53}},"type":"cond-expr","locations":[{"start":{"line":15,"column":32},"end":{"line":15,"column":49}},{"start":{"line":15,"column":52},"end":{"line":15,"column":53}}],"line":15},"1":{"loc":{"start":{"line":16,"column":22},"end":{"line":16,"column":51}},"type":"cond-expr","locations":[{"start":{"line":16,"column":31},"end":{"line":16,"column":47}},{"start":{"line":16,"column":50},"end":{"line":16,"column":51}}],"line":16}},"s":{"0":3,"1":3,"2":3,"3":3,"4":9,"5":41,"6":4,"7":4,"8":4,"9":4,"10":4,"11":4,"12":4},"f":{"0":3,"1":3,"2":9,"3":41,"4":4},"b":{"0":[1,3],"1":[1,3]},"_coverageSchema":"43e27e138ebf9cfc5966b082cf9a028302ed4184","hash":"818158adbbd0f93fa2ea5cd0712e568f823edf6d"}
}
