TN:
SF:D:\projects\rss\Winsler-2019Q1\piskel-clone\src\assets\gif.js
FN:5,(anonymous_0)
FN:5,(anonymous_1)
FN:5,e
FN:5,s
FN:5,(anonymous_4)
FN:5,(anonymous_5)
FN:5,EventEmitter
FN:5,(anonymous_7)
FN:5,(anonymous_8)
FN:5,(anonymous_9)
FN:5,(anonymous_10)
FN:5,g
FN:5,(anonymous_12)
FN:5,(anonymous_13)
FN:5,(anonymous_14)
FN:5,(anonymous_15)
FN:5,(anonymous_16)
FN:5,isFunction
FN:5,isNumber
FN:5,isObject
FN:5,isUndefined
FN:5,(anonymous_21)
FN:5,(anonymous_22)
FN:5,(anonymous_23)
FN:5,ctor
FN:5,(anonymous_25)
FN:5,(anonymous_26)
FN:5,GIF
FN:5,(anonymous_28)
FN:5,(anonymous_29)
FN:5,(anonymous_30)
FN:5,(anonymous_31)
FN:5,(anonymous_32)
FN:5,(anonymous_33)
FN:5,(anonymous_34)
FN:5,(anonymous_35)
FN:5,(anonymous_36)
FN:5,(anonymous_37)
FN:5,(anonymous_38)
FN:5,(anonymous_39)
FN:5,(anonymous_40)
FN:5,(anonymous_41)
FN:5,(anonymous_42)
FN:5,(anonymous_43)
FN:5,(anonymous_44)
FN:5,(anonymous_45)
FNF:46
FNH:11
FNDA:1,(anonymous_0)
FNDA:1,(anonymous_1)
FNDA:1,e
FNDA:4,s
FNDA:2,(anonymous_4)
FNDA:1,(anonymous_5)
FNDA:0,EventEmitter
FNDA:0,(anonymous_7)
FNDA:0,(anonymous_8)
FNDA:0,(anonymous_9)
FNDA:0,(anonymous_10)
FNDA:0,g
FNDA:0,(anonymous_12)
FNDA:0,(anonymous_13)
FNDA:0,(anonymous_14)
FNDA:0,(anonymous_15)
FNDA:0,(anonymous_16)
FNDA:0,isFunction
FNDA:0,isNumber
FNDA:0,isObject
FNDA:0,isUndefined
FNDA:1,(anonymous_21)
FNDA:1,(anonymous_22)
FNDA:1,(anonymous_23)
FNDA:1,ctor
FNDA:0,(anonymous_25)
FNDA:1,(anonymous_26)
FNDA:0,GIF
FNDA:0,(anonymous_28)
FNDA:0,(anonymous_29)
FNDA:0,(anonymous_30)
FNDA:0,(anonymous_31)
FNDA:0,(anonymous_32)
FNDA:0,(anonymous_33)
FNDA:0,(anonymous_34)
FNDA:0,(anonymous_35)
FNDA:0,(anonymous_36)
FNDA:0,(anonymous_37)
FNDA:0,(anonymous_38)
FNDA:0,(anonymous_39)
FNDA:0,(anonymous_40)
FNDA:0,(anonymous_41)
FNDA:0,(anonymous_42)
FNDA:0,(anonymous_43)
FNDA:0,(anonymous_44)
FNDA:0,(anonymous_45)
DA:3,1
DA:5,4
DA:6,1
LF:3
LH:3
BRDA:5,0,0,1
BRDA:5,0,1,0
BRDA:5,1,0,1
BRDA:5,1,1,1
BRDA:5,2,0,0
BRDA:5,2,1,0
BRDA:5,3,0,0
BRDA:5,3,1,0
BRDA:5,4,0,0
BRDA:5,4,1,0
BRDA:5,5,0,0
BRDA:5,5,1,0
BRDA:5,6,0,0
BRDA:5,6,1,0
BRDA:5,7,0,3
BRDA:5,7,1,1
BRDA:5,8,0,0
BRDA:5,8,1,3
BRDA:5,9,0,0
BRDA:5,9,1,0
BRDA:5,10,0,0
BRDA:5,10,1,0
BRDA:5,11,0,0
BRDA:5,11,1,0
BRDA:5,12,0,0
BRDA:5,12,1,0
BRDA:5,13,0,2
BRDA:5,13,1,0
BRDA:5,14,0,1
BRDA:5,14,1,1
BRDA:5,15,0,0
BRDA:5,15,1,0
BRDA:5,16,0,0
BRDA:5,16,1,0
BRDA:5,17,0,0
BRDA:5,17,1,0
BRDA:5,18,0,0
BRDA:5,18,1,0
BRDA:5,18,2,0
BRDA:5,19,0,0
BRDA:5,19,1,0
BRDA:5,20,0,0
BRDA:5,20,1,0
BRDA:5,21,0,0
BRDA:5,21,1,0
BRDA:5,22,0,0
BRDA:5,22,1,0
BRDA:5,22,2,0
BRDA:5,23,0,0
BRDA:5,23,1,0
BRDA:5,24,0,0
BRDA:5,24,1,0
BRDA:5,25,0,0
BRDA:5,25,1,0
BRDA:5,26,0,0
BRDA:5,26,1,0
BRDA:5,26,2,0
BRDA:5,26,3,0
BRDA:5,27,0,0
BRDA:5,27,1,0
BRDA:5,28,0,0
BRDA:5,28,1,0
BRDA:5,29,0,0
BRDA:5,29,1,0
BRDA:5,30,0,0
BRDA:5,30,1,0
BRDA:5,31,0,0
BRDA:5,31,1,0
BRDA:5,32,0,0
BRDA:5,32,1,0
BRDA:5,33,0,0
BRDA:5,33,1,0
BRDA:5,34,0,0
BRDA:5,34,1,0
BRDA:5,35,0,0
BRDA:5,35,1,0
BRDA:5,36,0,0
BRDA:5,36,1,0
BRDA:5,37,0,0
BRDA:5,37,1,0
BRDA:5,38,0,0
BRDA:5,38,1,0
BRDA:5,38,2,0
BRDA:5,39,0,0
BRDA:5,39,1,0
BRDA:5,40,0,0
BRDA:5,40,1,0
BRDA:5,41,0,0
BRDA:5,41,1,0
BRDA:5,42,0,0
BRDA:5,42,1,0
BRDA:5,43,0,0
BRDA:5,43,1,0
BRDA:5,44,0,0
BRDA:5,44,1,0
BRDA:5,45,0,0
BRDA:5,45,1,0
BRDA:5,46,0,0
BRDA:5,46,1,0
BRDA:5,46,2,0
BRDA:5,47,0,0
BRDA:5,47,1,0
BRDA:5,48,0,0
BRDA:5,48,1,0
BRDA:5,49,0,0
BRDA:5,49,1,0
BRDA:5,50,0,0
BRDA:5,50,1,0
BRDA:5,50,2,0
BRDA:5,51,0,0
BRDA:5,51,1,0
BRDA:5,52,0,0
BRDA:5,52,1,0
BRDA:5,53,0,0
BRDA:5,53,1,0
BRDA:5,54,0,0
BRDA:5,54,1,0
BRDA:5,55,0,0
BRDA:5,55,1,0
BRDA:5,56,0,0
BRDA:5,56,1,0
BRDA:5,57,0,0
BRDA:5,57,1,0
BRDA:5,58,0,0
BRDA:5,58,1,0
BRDA:5,59,0,0
BRDA:5,59,1,0
BRDA:5,60,0,0
BRDA:5,60,1,0
BRDA:5,61,0,0
BRDA:5,61,1,0
BRDA:5,62,0,0
BRDA:5,62,1,0
BRDA:5,63,0,0
BRDA:5,63,1,0
BRDA:5,64,0,0
BRDA:5,64,1,0
BRDA:5,65,0,0
BRDA:5,65,1,0
BRDA:5,66,0,0
BRDA:5,66,1,0
BRDA:5,67,0,0
BRDA:5,67,1,0
BRDA:5,68,0,0
BRDA:5,68,1,0
BRDA:5,69,0,1
BRDA:5,69,1,1
BRDA:5,70,0,1
BRDA:5,70,1,0
BRDA:5,71,0,0
BRDA:5,71,1,1
BRDA:5,72,0,1
BRDA:5,72,1,1
BRDA:5,73,0,0
BRDA:5,73,1,1
BRDA:5,74,0,1
BRDA:5,74,1,0
BRDA:5,75,0,0
BRDA:5,75,1,1
BRDA:5,76,0,1
BRDA:5,76,1,1
BRDA:5,76,2,1
BRDA:5,77,0,3
BRDA:5,77,1,0
BRDA:5,78,0,1
BRDA:5,78,1,0
BRDA:5,79,0,0
BRDA:5,79,1,0
BRDA:5,80,0,0
BRDA:5,80,1,0
BRDA:5,81,0,0
BRDA:5,81,1,0
BRDA:5,82,0,0
BRDA:5,82,1,0
BRDA:5,83,0,0
BRDA:5,83,1,0
BRDA:5,83,2,0
BRDA:5,84,0,0
BRDA:5,84,1,0
BRDA:5,85,0,0
BRDA:5,85,1,0
BRDA:5,86,0,0
BRDA:5,86,1,0
BRDA:5,87,0,0
BRDA:5,87,1,0
BRDA:5,88,0,0
BRDA:5,88,1,0
BRDA:5,89,0,0
BRDA:5,89,1,0
BRDA:5,90,0,0
BRDA:5,90,1,0
BRDA:5,90,2,0
BRDA:5,91,0,0
BRDA:5,91,1,0
BRDA:5,92,0,0
BRDA:5,92,1,0
BRDA:5,92,2,0
BRDA:5,92,3,0
BRDA:5,92,4,0
BRDA:5,92,5,0
BRDA:5,93,0,0
BRDA:5,93,1,0
BRDA:5,94,0,0
BRDA:5,94,1,0
BRDA:5,95,0,0
BRDA:5,95,1,0
BRDA:5,96,0,0
BRDA:5,96,1,0
BRDA:5,97,0,0
BRDA:5,97,1,0
BRDA:5,98,0,0
BRDA:5,98,1,0
BRDA:5,99,0,0
BRDA:5,99,1,0
BRDA:5,100,0,0
BRDA:5,100,1,0
BRDA:5,101,0,0
BRDA:5,101,1,0
BRDA:5,102,0,0
BRDA:5,102,1,0
BRDA:5,103,0,0
BRDA:5,103,1,0
BRDA:5,104,0,0
BRDA:5,104,1,0
BRDA:5,105,0,0
BRDA:5,105,1,0
BRDA:5,106,0,0
BRDA:5,106,1,0
BRDA:5,107,0,0
BRDA:5,107,1,0
BRDA:5,108,0,0
BRDA:5,108,1,0
BRDA:5,109,0,0
BRDA:5,109,1,0
BRDA:5,110,0,0
BRDA:5,110,1,0
BRDA:5,111,0,0
BRDA:5,111,1,0
BRDA:5,112,0,0
BRDA:5,112,1,0
BRDA:5,113,0,0
BRDA:5,113,1,0
BRDA:5,114,0,0
BRDA:5,114,1,0
BRDA:5,115,0,0
BRDA:5,115,1,0
BRDA:5,116,0,0
BRDA:5,116,1,0
BRDA:5,117,0,0
BRDA:5,117,1,0
BRDA:5,118,0,0
BRDA:5,118,1,0
BRDA:5,119,0,0
BRDA:5,119,1,0
BRDA:5,120,0,0
BRDA:5,120,1,0
BRF:256
BRH:23
end_of_record
TN:
SF:D:\projects\rss\Winsler-2019Q1\piskel-clone\src\assets\gif.worker.js
FN:2,e
FN:2,s
FN:2,(anonymous_2)
FN:2,(anonymous_3)
FN:2,ByteArray
FN:2,(anonymous_5)
FN:2,(anonymous_6)
FN:2,(anonymous_7)
FN:2,(anonymous_8)
FN:2,(anonymous_9)
FN:2,GIFEncoder
FN:2,(anonymous_11)
FN:2,(anonymous_12)
FN:2,(anonymous_13)
FN:2,(anonymous_14)
FN:2,(anonymous_15)
FN:2,(anonymous_16)
FN:2,(anonymous_17)
FN:2,(anonymous_18)
FN:2,(anonymous_19)
FN:2,(anonymous_20)
FN:2,(anonymous_21)
FN:2,(anonymous_22)
FN:2,(anonymous_23)
FN:2,(anonymous_24)
FN:2,(anonymous_25)
FN:2,(anonymous_26)
FN:2,(anonymous_27)
FN:2,(anonymous_28)
FN:2,(anonymous_29)
FN:2,(anonymous_30)
FN:2,(anonymous_31)
FN:2,(anonymous_32)
FN:2,(anonymous_33)
FN:2,(anonymous_34)
FN:2,(anonymous_35)
FN:2,(anonymous_36)
FN:2,(anonymous_37)
FN:2,LZWEncoder
FN:2,char_out
FN:2,cl_block
FN:2,cl_hash
FN:2,compress
FN:2,encode
FN:2,flush_char
FN:2,MAXCODE
FN:2,nextPixel
FN:2,output
FN:2,(anonymous_48)
FN:2,NeuQuant
FN:2,init
FN:2,unbiasnet
FN:2,altersingle
FN:2,alterneigh
FN:2,contest
FN:2,inxbuild
FN:2,inxsearch
FN:2,learn
FN:2,buildColormap
FN:2,getColormap
FN:2,(anonymous_60)
FN:2,(anonymous_61)
FN:2,(anonymous_62)
FN:2,(anonymous_63)
FNF:64
FNH:7
FNDA:1,e
FNDA:4,s
FNDA:3,(anonymous_2)
FNDA:1,(anonymous_3)
FNDA:0,ByteArray
FNDA:0,(anonymous_5)
FNDA:0,(anonymous_6)
FNDA:0,(anonymous_7)
FNDA:0,(anonymous_8)
FNDA:0,(anonymous_9)
FNDA:0,GIFEncoder
FNDA:0,(anonymous_11)
FNDA:0,(anonymous_12)
FNDA:0,(anonymous_13)
FNDA:0,(anonymous_14)
FNDA:0,(anonymous_15)
FNDA:0,(anonymous_16)
FNDA:0,(anonymous_17)
FNDA:0,(anonymous_18)
FNDA:0,(anonymous_19)
FNDA:0,(anonymous_20)
FNDA:0,(anonymous_21)
FNDA:0,(anonymous_22)
FNDA:0,(anonymous_23)
FNDA:0,(anonymous_24)
FNDA:0,(anonymous_25)
FNDA:0,(anonymous_26)
FNDA:0,(anonymous_27)
FNDA:0,(anonymous_28)
FNDA:0,(anonymous_29)
FNDA:0,(anonymous_30)
FNDA:0,(anonymous_31)
FNDA:0,(anonymous_32)
FNDA:0,(anonymous_33)
FNDA:0,(anonymous_34)
FNDA:0,(anonymous_35)
FNDA:0,(anonymous_36)
FNDA:1,(anonymous_37)
FNDA:0,LZWEncoder
FNDA:0,char_out
FNDA:0,cl_block
FNDA:0,cl_hash
FNDA:0,compress
FNDA:0,encode
FNDA:0,flush_char
FNDA:0,MAXCODE
FNDA:0,nextPixel
FNDA:0,output
FNDA:1,(anonymous_48)
FNDA:0,NeuQuant
FNDA:0,init
FNDA:0,unbiasnet
FNDA:0,altersingle
FNDA:0,alterneigh
FNDA:0,contest
FNDA:0,inxbuild
FNDA:0,inxsearch
FNDA:0,learn
FNDA:0,buildColormap
FNDA:0,getColormap
FNDA:1,(anonymous_60)
FNDA:0,(anonymous_61)
FNDA:0,(anonymous_62)
FNDA:0,(anonymous_63)
DA:2,256
LF:1
LH:1
BRDA:2,0,0,4
BRDA:2,0,1,0
BRDA:2,1,0,0
BRDA:2,1,1,4
BRDA:2,2,0,0
BRDA:2,2,1,0
BRDA:2,3,0,0
BRDA:2,3,1,0
BRDA:2,4,0,0
BRDA:2,4,1,0
BRDA:2,5,0,0
BRDA:2,5,1,0
BRDA:2,6,0,3
BRDA:2,6,1,0
BRDA:2,7,0,1
BRDA:2,7,1,1
BRDA:2,8,0,0
BRDA:2,8,1,0
BRDA:2,9,0,0
BRDA:2,9,1,0
BRDA:2,10,0,0
BRDA:2,10,1,0
BRDA:2,11,0,0
BRDA:2,11,1,0
BRDA:2,12,0,0
BRDA:2,12,1,0
BRDA:2,13,0,0
BRDA:2,13,1,0
BRDA:2,14,0,0
BRDA:2,14,1,0
BRDA:2,15,0,0
BRDA:2,15,1,0
BRDA:2,16,0,0
BRDA:2,16,1,0
BRDA:2,17,0,0
BRDA:2,17,1,0
BRDA:2,18,0,0
BRDA:2,18,1,0
BRDA:2,19,0,0
BRDA:2,19,1,0
BRDA:2,20,0,0
BRDA:2,20,1,0
BRDA:2,21,0,0
BRDA:2,21,1,0
BRDA:2,21,2,0
BRDA:2,21,3,0
BRDA:2,22,0,0
BRDA:2,22,1,0
BRDA:2,23,0,0
BRDA:2,23,1,0
BRDA:2,24,0,0
BRDA:2,24,1,0
BRDA:2,25,0,0
BRDA:2,25,1,0
BRDA:2,26,0,0
BRDA:2,26,1,0
BRDA:2,27,0,0
BRDA:2,27,1,0
BRDA:2,28,0,0
BRDA:2,28,1,0
BRDA:2,29,0,0
BRDA:2,29,1,0
BRDA:2,30,0,0
BRDA:2,30,1,0
BRDA:2,31,0,0
BRDA:2,31,1,0
BRDA:2,32,0,0
BRDA:2,32,1,0
BRDA:2,33,0,0
BRDA:2,33,1,0
BRDA:2,34,0,0
BRDA:2,34,1,0
BRDA:2,34,2,0
BRDA:2,34,3,0
BRDA:2,35,0,0
BRDA:2,35,1,0
BRDA:2,36,0,0
BRDA:2,36,1,0
BRDA:2,37,0,0
BRDA:2,37,1,0
BRDA:2,38,0,0
BRDA:2,38,1,0
BRDA:2,39,0,0
BRDA:2,39,1,0
BRDA:2,39,2,0
BRDA:2,40,0,0
BRDA:2,40,1,0
BRDA:2,41,0,0
BRDA:2,41,1,0
BRDA:2,42,0,0
BRDA:2,42,1,0
BRDA:2,43,0,0
BRDA:2,43,1,0
BRDA:2,44,0,0
BRDA:2,44,1,0
BRDA:2,45,0,0
BRDA:2,45,1,0
BRDA:2,46,0,0
BRDA:2,46,1,0
BRDA:2,47,0,0
BRDA:2,47,1,0
BRDA:2,48,0,0
BRDA:2,48,1,0
BRDA:2,49,0,0
BRDA:2,49,1,0
BRDA:2,50,0,0
BRDA:2,50,1,0
BRDA:2,51,0,0
BRDA:2,51,1,0
BRDA:2,52,0,0
BRDA:2,52,1,0
BRDA:2,53,0,0
BRDA:2,53,1,0
BRDA:2,54,0,0
BRDA:2,54,1,0
BRDA:2,55,0,0
BRDA:2,55,1,0
BRDA:2,56,0,0
BRDA:2,56,1,0
BRDA:2,57,0,0
BRDA:2,57,1,0
BRDA:2,58,0,0
BRDA:2,58,1,0
BRDA:2,59,0,0
BRDA:2,59,1,0
BRDA:2,60,0,0
BRDA:2,60,1,0
BRDA:2,61,0,0
BRDA:2,61,1,0
BRDA:2,62,0,0
BRDA:2,62,1,0
BRDA:2,63,0,0
BRDA:2,63,1,0
BRDA:2,64,0,0
BRDA:2,64,1,0
BRDA:2,65,0,0
BRDA:2,65,1,0
BRDA:2,66,0,0
BRDA:2,66,1,0
BRDA:2,67,0,0
BRDA:2,67,1,0
BRDA:2,68,0,0
BRDA:2,68,1,0
BRDA:2,69,0,0
BRDA:2,69,1,0
BRDA:2,70,0,0
BRDA:2,70,1,0
BRDA:2,71,0,0
BRDA:2,71,1,0
BRDA:2,72,0,0
BRDA:2,72,1,0
BRDA:2,73,0,0
BRDA:2,73,1,0
BRDA:2,74,0,0
BRDA:2,74,1,0
BRDA:2,75,0,0
BRDA:2,75,1,0
BRDA:2,76,0,0
BRDA:2,76,1,0
BRDA:2,77,0,0
BRDA:2,77,1,0
BRDA:2,78,0,0
BRDA:2,78,1,0
BRDA:2,79,0,0
BRDA:2,79,1,0
BRDA:2,80,0,0
BRDA:2,80,1,0
BRDA:2,81,0,0
BRDA:2,81,1,0
BRDA:2,82,0,0
BRDA:2,82,1,0
BRDA:2,83,0,0
BRDA:2,83,1,0
BRDA:2,84,0,0
BRDA:2,84,1,0
BRDA:2,85,0,0
BRDA:2,85,1,0
BRDA:2,86,0,0
BRDA:2,86,1,0
BRDA:2,87,0,0
BRDA:2,87,1,0
BRDA:2,88,0,0
BRDA:2,88,1,0
BRDA:2,89,0,0
BRDA:2,89,1,0
BRDA:2,90,0,0
BRDA:2,90,1,0
BRDA:2,91,0,0
BRDA:2,91,1,0
BRDA:2,92,0,0
BRDA:2,92,1,0
BRDA:2,93,0,0
BRDA:2,93,1,0
BRDA:2,94,0,0
BRDA:2,94,1,0
BRDA:2,95,0,0
BRDA:2,95,1,0
BRF:197
BRH:5
end_of_record
TN:
SF:D:\projects\rss\Winsler-2019Q1\piskel-clone\src\controllers\controller.js
FN:10,(anonymous_0)
FN:38,(anonymous_1)
FN:50,(anonymous_2)
FN:66,(anonymous_3)
FN:67,(anonymous_4)
FN:68,(anonymous_5)
FN:96,(anonymous_6)
FN:97,(anonymous_7)
FN:104,(anonymous_8)
FN:109,(anonymous_9)
FN:114,(anonymous_10)
FN:120,(anonymous_11)
FN:133,(anonymous_12)
FN:135,(anonymous_13)
FN:138,(anonymous_14)
FNF:15
FNH:6
FNDA:4,(anonymous_0)
FNDA:0,(anonymous_1)
FNDA:0,(anonymous_2)
FNDA:0,(anonymous_3)
FNDA:0,(anonymous_4)
FNDA:0,(anonymous_5)
FNDA:2,(anonymous_6)
FNDA:6,(anonymous_7)
FNDA:1,(anonymous_8)
FNDA:0,(anonymous_9)
FNDA:0,(anonymous_10)
FNDA:0,(anonymous_11)
FNDA:2,(anonymous_12)
FNDA:9,(anonymous_13)
FNDA:0,(anonymous_14)
DA:11,4
DA:12,4
DA:13,4
DA:14,4
DA:17,4
DA:34,4
DA:35,4
DA:39,0
DA:40,0
DA:42,0
DA:43,0
DA:44,0
DA:45,0
DA:47,0
DA:48,0
DA:49,0
DA:50,0
DA:51,0
DA:52,0
DA:53,0
DA:55,0
DA:56,0
DA:57,0
DA:58,0
DA:59,0
DA:60,0
DA:61,0
DA:62,0
DA:64,0
DA:65,0
DA:66,0
DA:67,0
DA:68,0
DA:69,0
DA:70,0
DA:71,0
DA:73,0
DA:74,0
DA:76,0
DA:77,0
DA:79,0
DA:80,0
DA:81,0
DA:83,0
DA:84,0
DA:86,0
DA:88,0
DA:89,0
DA:92,0
DA:93,0
DA:97,2
DA:98,6
DA:99,6
DA:101,2
DA:105,1
DA:106,1
DA:110,0
DA:111,0
DA:115,0
DA:116,0
DA:118,0
DA:119,0
DA:120,0
DA:121,0
DA:123,0
DA:124,0
DA:126,0
DA:127,0
DA:128,0
DA:129,0
DA:130,0
DA:134,2
DA:135,9
DA:139,0
DA:140,0
DA:141,0
DA:142,0
DA:143,0
LF:78
LH:15
BRDA:88,0,0,0
BRDA:88,0,1,0
BRDA:115,1,0,0
BRDA:115,1,1,0
BRDA:115,2,0,0
BRDA:115,2,1,0
BRF:6
BRH:0
end_of_record
TN:
SF:D:\projects\rss\Winsler-2019Q1\piskel-clone\src\controllers\ShortcutHolder\ShortcutHolder.js
FN:2,(anonymous_0)
FN:9,(anonymous_1)
FN:14,(anonymous_2)
FN:37,(anonymous_3)
FN:41,(anonymous_4)
FNF:5
FNH:1
FNDA:4,(anonymous_0)
FNDA:0,(anonymous_1)
FNDA:0,(anonymous_2)
FNDA:0,(anonymous_3)
FNDA:0,(anonymous_4)
DA:4,4
DA:6,4
DA:10,0
DA:11,0
DA:15,0
DA:16,0
DA:17,0
DA:18,0
DA:19,0
DA:20,0
DA:21,0
DA:23,0
DA:24,0
DA:25,0
DA:26,0
DA:28,0
DA:29,0
DA:30,0
DA:31,0
DA:32,0
DA:33,0
DA:34,0
DA:38,0
DA:42,0
DA:43,0
LF:25
LH:2
BRDA:17,0,0,0
BRDA:17,0,1,0
BRDA:28,1,0,0
BRDA:28,1,1,0
BRF:4
BRH:0
end_of_record
TN:
SF:D:\projects\rss\Winsler-2019Q1\piskel-clone\src\controllers\ShortcutHolder\index.js
FNF:0
FNH:0
LF:0
LH:0
BRF:0
BRH:0
end_of_record
TN:
SF:D:\projects\rss\Winsler-2019Q1\piskel-clone\src\controllers\toolsController\index.js
FNF:0
FNH:0
LF:0
LH:0
BRF:0
BRH:0
end_of_record
TN:
SF:D:\projects\rss\Winsler-2019Q1\piskel-clone\src\controllers\toolsController\toolsController.js
FN:5,(anonymous_0)
FN:14,(anonymous_1)
FN:59,(anonymous_2)
FN:63,(anonymous_3)
FN:67,(anonymous_4)
FN:71,onToolSelectin
FN:88,(anonymous_6)
FN:93,(anonymous_7)
FN:101,(anonymous_8)
FN:106,(anonymous_9)
FN:112,(anonymous_10)
FN:115,(anonymous_11)
FN:119,(anonymous_12)
FN:120,(anonymous_13)
FNF:14
FNH:1
FNDA:4,(anonymous_0)
FNDA:0,(anonymous_1)
FNDA:0,(anonymous_2)
FNDA:0,(anonymous_3)
FNDA:0,(anonymous_4)
FNDA:0,onToolSelectin
FNDA:0,(anonymous_6)
FNDA:0,(anonymous_7)
FNDA:0,(anonymous_8)
FNDA:0,(anonymous_9)
FNDA:0,(anonymous_10)
FNDA:0,(anonymous_11)
FNDA:0,(anonymous_12)
FNDA:0,(anonymous_13)
DA:6,4
DA:7,4
DA:8,4
DA:15,0
DA:16,0
DA:23,0
DA:24,0
DA:26,0
DA:27,0
DA:29,0
DA:30,0
DA:32,0
DA:33,0
DA:36,0
DA:37,0
DA:39,0
DA:40,0
DA:42,0
DA:43,0
DA:45,0
DA:46,0
DA:49,0
DA:50,0
DA:57,0
DA:59,0
DA:60,0
DA:63,0
DA:64,0
DA:67,0
DA:68,0
DA:72,0
DA:73,0
DA:74,0
DA:76,0
DA:80,0
DA:81,0
DA:83,0
DA:84,0
DA:89,0
DA:90,0
DA:94,0
DA:95,0
DA:97,0
DA:98,0
DA:102,0
DA:103,0
DA:107,0
DA:108,0
DA:109,0
DA:113,0
DA:114,0
DA:115,0
DA:120,0
DA:121,0
LF:54
LH:3
BRDA:72,0,0,0
BRDA:72,0,1,0
BRDA:94,1,0,0
BRDA:94,1,1,0
BRDA:113,2,0,0
BRDA:113,2,1,0
BRF:6
BRH:0
end_of_record
TN:
SF:D:\projects\rss\Winsler-2019Q1\piskel-clone\src\controllers\toolsController\Handler\Handler.js
FN:2,(anonymous_0)
FN:12,(anonymous_1)
FN:14,(anonymous_2)
FN:17,(anonymous_3)
FN:19,(anonymous_4)
FNF:5
FNH:0
FNDA:0,(anonymous_0)
FNDA:0,(anonymous_1)
FNDA:0,(anonymous_2)
FNDA:0,(anonymous_3)
FNDA:0,(anonymous_4)
DA:3,0
DA:4,0
DA:7,0
DA:8,0
DA:9,0
DA:13,0
DA:14,0
DA:18,0
DA:19,0
LF:9
LH:0
BRDA:2,0,0,0
BRDA:2,1,0,0
BRF:2
BRH:0
end_of_record
TN:
SF:D:\projects\rss\Winsler-2019Q1\piskel-clone\src\controllers\toolsController\Handler\index.js
FNF:0
FNH:0
LF:0
LH:0
BRF:0
BRH:0
end_of_record
TN:
SF:D:\projects\rss\Winsler-2019Q1\piskel-clone\src\controllers\toolsController\Tool\Tool.js
FN:2,(anonymous_0)
FN:11,(anonymous_1)
FN:12,(anonymous_2)
FN:21,(anonymous_3)
FN:22,(anonymous_4)
FN:31,(anonymous_5)
FN:36,(anonymous_6)
FN:41,(anonymous_7)
FN:44,(anonymous_8)
FN:50,(anonymous_9)
FN:53,(anonymous_10)
FN:59,(anonymous_11)
FNF:12
FNH:0
FNDA:0,(anonymous_0)
FNDA:0,(anonymous_1)
FNDA:0,(anonymous_2)
FNDA:0,(anonymous_3)
FNDA:0,(anonymous_4)
FNDA:0,(anonymous_5)
FNDA:0,(anonymous_6)
FNDA:0,(anonymous_7)
FNDA:0,(anonymous_8)
FNDA:0,(anonymous_9)
FNDA:0,(anonymous_10)
FNDA:0,(anonymous_11)
DA:3,0
DA:4,0
DA:5,0
DA:6,0
DA:7,0
DA:8,0
DA:12,0
DA:13,0
DA:16,0
DA:17,0
DA:22,0
DA:23,0
DA:26,0
DA:27,0
DA:32,0
DA:33,0
DA:37,0
DA:38,0
DA:42,0
DA:43,0
DA:44,0
DA:45,0
DA:46,0
DA:51,0
DA:52,0
DA:53,0
DA:54,0
DA:55,0
DA:60,0
LF:29
LH:0
BRDA:2,0,0,0
BRDA:2,1,0,0
BRDA:2,2,0,0
BRDA:6,3,0,0
BRDA:6,3,1,0
BRDA:16,4,0,0
BRDA:16,4,1,0
BRDA:26,5,0,0
BRDA:26,5,1,0
BRDA:59,6,0,0
BRF:10
BRH:0
end_of_record
TN:
SF:D:\projects\rss\Winsler-2019Q1\piskel-clone\src\controllers\toolsController\Tool\index.js
FNF:0
FNH:0
LF:0
LH:0
BRF:0
BRH:0
end_of_record
TN:
SF:D:\projects\rss\Winsler-2019Q1\piskel-clone\src\controllers\toolsController\handlers\index.js
FNF:0
FNH:0
DA:12,1
LF:1
LH:1
BRF:0
BRH:0
end_of_record
TN:
SF:D:\projects\rss\Winsler-2019Q1\piskel-clone\src\controllers\toolsController\handlers\bucket\bucketHandler.js
FN:3,getBucketHandler
FN:4,onClick
FN:31,getNeighbourhood
FN:45,paintArea
FN:50,(anonymous_4)
FNF:5
FNH:0
FNDA:0,getBucketHandler
FNDA:0,onClick
FNDA:0,getNeighbourhood
FNDA:0,paintArea
FNDA:0,(anonymous_4)
DA:5,0
DA:6,0
DA:7,0
DA:9,0
DA:16,0
DA:21,0
DA:24,0
DA:25,0
DA:26,0
DA:27,0
DA:28,0
DA:32,0
DA:33,0
DA:34,0
DA:35,0
DA:37,0
DA:42,0
DA:46,0
DA:47,0
DA:49,0
DA:50,0
DA:51,0
DA:52,0
DA:53,0
DA:54,0
DA:55,0
DA:59,0
DA:61,0
DA:62,0
DA:63,0
DA:66,0
DA:67,0
LF:32
LH:0
BRDA:6,0,0,0
BRDA:6,0,1,0
BRDA:26,1,0,0
BRDA:26,1,1,0
BRDA:27,2,0,0
BRDA:27,2,1,0
BRDA:35,3,0,0
BRDA:35,3,1,0
BRDA:35,4,0,0
BRDA:35,4,1,0
BRDA:35,4,2,0
BRDA:45,5,0,0
BRDA:46,6,0,0
BRDA:46,6,1,0
BRDA:51,7,0,0
BRDA:51,7,1,0
BRDA:51,8,0,0
BRDA:51,8,1,0
BRDA:53,9,0,0
BRDA:53,9,1,0
BRF:20
BRH:0
end_of_record
TN:
SF:D:\projects\rss\Winsler-2019Q1\piskel-clone\src\controllers\toolsController\handlers\bucket\index.js
FNF:0
FNH:0
DA:3,1
LF:1
LH:1
BRF:0
BRH:0
end_of_record
TN:
SF:D:\projects\rss\Winsler-2019Q1\piskel-clone\src\controllers\toolsController\handlers\dithering\dithering.js
FN:3,getDitheringHandler
FN:4,onMouseDown
FN:16,stroke
FN:35,onMoseMove
FN:46,onMouseUp
FN:52,onMouseOut
FNF:6
FNH:0
FNDA:0,getDitheringHandler
FNDA:0,onMouseDown
FNDA:0,stroke
FNDA:0,onMoseMove
FNDA:0,onMouseUp
FNDA:0,onMouseOut
DA:5,0
DA:6,0
DA:7,0
DA:9,0
DA:11,0
DA:17,0
DA:20,0
DA:22,0
DA:23,0
DA:27,0
DA:28,0
DA:31,0
DA:33,0
DA:36,0
DA:40,0
DA:41,0
DA:44,0
DA:47,0
DA:50,0
DA:53,0
DA:54,0
DA:57,0
DA:59,0
DA:60,0
DA:61,0
DA:64,0
DA:66,0
LF:27
LH:0
BRDA:6,0,0,0
BRDA:6,0,1,0
BRDA:22,1,0,0
BRDA:22,1,1,0
BRF:4
BRH:0
end_of_record
TN:
SF:D:\projects\rss\Winsler-2019Q1\piskel-clone\src\controllers\toolsController\handlers\dithering\index.js
FNF:0
FNH:0
DA:3,1
LF:1
LH:1
BRF:0
BRH:0
end_of_record
TN:
SF:D:\projects\rss\Winsler-2019Q1\piskel-clone\src\controllers\toolsController\handlers\eraser\eraserHandlers.js
FN:3,getMouseDownHandler
FN:4,onMouseDown
FN:29,onMoseMove
FN:44,onMouseUp
FNF:4
FNH:0
FNDA:0,getMouseDownHandler
FNDA:0,onMouseDown
FNDA:0,onMoseMove
FNDA:0,onMouseUp
DA:5,0
DA:6,0
DA:8,0
DA:15,0
DA:20,0
DA:22,0
DA:25,0
DA:26,0
DA:27,0
DA:30,0
DA:34,0
DA:37,0
DA:38,0
DA:39,0
DA:42,0
DA:45,0
DA:48,0
DA:50,0
DA:51,0
DA:54,0
DA:56,0
LF:21
LH:0
BRDA:5,0,0,0
BRDA:5,0,1,0
BRF:2
BRH:0
end_of_record
TN:
SF:D:\projects\rss\Winsler-2019Q1\piskel-clone\src\controllers\toolsController\handlers\eraser\index.js
FNF:0
FNH:0
DA:3,1
LF:1
LH:1
BRF:0
BRH:0
end_of_record
TN:
SF:D:\projects\rss\Winsler-2019Q1\piskel-clone\src\controllers\toolsController\handlers\lighten\index.js
FNF:0
FNH:0
DA:3,1
LF:1
LH:1
BRF:0
BRH:0
end_of_record
TN:
SF:D:\projects\rss\Winsler-2019Q1\piskel-clone\src\controllers\toolsController\handlers\lighten\lighten.js
FN:5,getLightenHandler
FN:6,onClick
FNF:2
FNH:0
FNDA:0,getLightenHandler
FNDA:0,onClick
DA:7,0
DA:8,0
DA:10,0
DA:17,0
DA:22,0
DA:25,0
DA:26,0
DA:27,0
DA:29,0
DA:30,0
DA:31,0
DA:33,0
DA:36,0
DA:37,0
DA:38,0
DA:41,0
DA:42,0
LF:17
LH:0
BRDA:7,0,0,0
BRDA:7,0,1,0
BRDA:26,1,0,0
BRDA:26,1,1,0
BRDA:30,2,0,0
BRDA:30,2,1,0
BRF:6
BRH:0
end_of_record
TN:
SF:D:\projects\rss\Winsler-2019Q1\piskel-clone\src\controllers\toolsController\handlers\mirrorPen\index.js
FNF:0
FNH:0
DA:3,1
LF:1
LH:1
BRF:0
BRH:0
end_of_record
TN:
SF:D:\projects\rss\Winsler-2019Q1\piskel-clone\src\controllers\toolsController\handlers\mirrorPen\mirrorPen.js
FN:3,getMirrorPenHandler
FN:4,onMouseDown
FN:23,getMode
FN:33,stroke
FN:78,onMoseMove
FN:91,onMouseUp
FN:97,onMouseOut
FNF:7
FNH:0
FNDA:0,getMirrorPenHandler
FNDA:0,onMouseDown
FNDA:0,getMode
FNDA:0,stroke
FNDA:0,onMoseMove
FNDA:0,onMouseUp
FNDA:0,onMouseOut
DA:5,0
DA:6,0
DA:9,0
DA:16,0
DA:21,0
DA:24,0
DA:25,0
DA:27,0
DA:28,0
DA:30,0
DA:34,0
DA:38,0
DA:39,0
DA:40,0
DA:42,0
DA:43,0
DA:44,0
DA:45,0
DA:47,0
DA:48,0
DA:50,0
DA:51,0
DA:52,0
DA:55,0
DA:56,0
DA:57,0
DA:59,0
DA:60,0
DA:63,0
DA:65,0
DA:67,0
DA:70,0
DA:73,0
DA:74,0
DA:76,0
DA:79,0
DA:84,0
DA:85,0
DA:86,0
DA:89,0
DA:92,0
DA:95,0
DA:98,0
DA:99,0
DA:102,0
DA:104,0
DA:105,0
DA:106,0
DA:109,0
DA:111,0
LF:50
LH:0
BRDA:5,0,0,0
BRDA:5,0,1,0
BRDA:21,1,0,0
BRDA:21,1,1,0
BRDA:24,2,0,0
BRDA:24,2,1,0
BRDA:27,3,0,0
BRDA:27,3,1,0
BRDA:33,4,0,0
BRDA:47,5,0,0
BRDA:47,5,1,0
BRDA:56,6,0,0
BRDA:56,6,1,0
BRDA:59,7,0,0
BRDA:59,7,1,0
BRF:15
BRH:0
end_of_record
TN:
SF:D:\projects\rss\Winsler-2019Q1\piskel-clone\src\controllers\toolsController\handlers\paintSame\index.js
FNF:0
FNH:0
DA:3,1
LF:1
LH:1
BRF:0
BRH:0
end_of_record
TN:
SF:D:\projects\rss\Winsler-2019Q1\piskel-clone\src\controllers\toolsController\handlers\paintSame\paintSame.js
FN:3,getSameColorPainterHandler
FN:4,onClick
FNF:2
FNH:0
FNDA:0,getSameColorPainterHandler
FNDA:0,onClick
DA:5,0
DA:6,0
DA:9,0
DA:10,0
DA:15,0
DA:18,0
DA:19,0
DA:21,0
DA:22,0
DA:23,0
DA:25,0
DA:29,0
DA:30,0
DA:33,0
DA:34,0
LF:15
LH:0
BRDA:5,0,0,0
BRDA:5,0,1,0
BRDA:19,1,0,0
BRDA:19,1,1,0
BRDA:23,2,0,0
BRDA:23,2,1,0
BRF:6
BRH:0
end_of_record
TN:
SF:D:\projects\rss\Winsler-2019Q1\piskel-clone\src\controllers\toolsController\handlers\pen\index.js
FNF:0
FNH:0
DA:3,1
LF:1
LH:1
BRF:0
BRH:0
end_of_record
TN:
SF:D:\projects\rss\Winsler-2019Q1\piskel-clone\src\controllers\toolsController\handlers\pen\pen.js
FN:3,getMouseDownHandler
FN:4,onMouseDown
FN:16,stroke
FN:37,onMoseMove
FN:48,onMouseUp
FN:54,onMouseOut
FNF:6
FNH:0
FNDA:0,getMouseDownHandler
FNDA:0,onMouseDown
FNDA:0,stroke
FNDA:0,onMoseMove
FNDA:0,onMouseUp
FNDA:0,onMouseOut
DA:5,0
DA:6,0
DA:7,0
DA:9,0
DA:11,0
DA:17,0
DA:20,0
DA:22,0
DA:23,0
DA:27,0
DA:29,0
DA:30,0
DA:33,0
DA:35,0
DA:38,0
DA:42,0
DA:43,0
DA:46,0
DA:49,0
DA:52,0
DA:55,0
DA:56,0
DA:59,0
DA:61,0
DA:62,0
DA:63,0
DA:66,0
DA:68,0
LF:28
LH:0
BRDA:3,0,0,0
BRDA:6,1,0,0
BRDA:6,1,1,0
BRDA:22,2,0,0
BRDA:22,2,1,0
BRDA:27,3,0,0
BRDA:27,3,1,0
BRDA:29,4,0,0
BRDA:29,4,1,0
BRF:9
BRH:0
end_of_record
TN:
SF:D:\projects\rss\Winsler-2019Q1\piskel-clone\src\controllers\toolsController\handlers\pipette\index.js
FNF:0
FNH:0
DA:3,1
LF:1
LH:1
BRF:0
BRH:0
end_of_record
TN:
SF:D:\projects\rss\Winsler-2019Q1\piskel-clone\src\controllers\toolsController\handlers\pipette\pipette.js
FN:3,getPipetteHandler
FN:4,onClick
FNF:2
FNH:0
FNDA:0,getPipetteHandler
FNDA:0,onClick
DA:5,0
DA:6,0
DA:9,0
DA:10,0
DA:15,0
DA:18,0
DA:19,0
DA:20,0
DA:22,0
DA:24,0
DA:25,0
DA:27,0
DA:29,0
DA:34,0
DA:35,0
DA:36,0
LF:16
LH:0
BRDA:5,0,0,0
BRDA:5,0,1,0
BRDA:18,1,0,0
BRDA:18,1,1,0
BRDA:19,2,0,0
BRDA:19,2,1,0
BRDA:20,3,0,0
BRDA:20,3,1,0
BRDA:25,4,0,0
BRDA:25,4,1,0
BRF:10
BRH:0
end_of_record
TN:
SF:D:\projects\rss\Winsler-2019Q1\piskel-clone\src\controllers\toolsController\handlers\rectangle\index.js
FNF:0
FNH:0
DA:3,1
LF:1
LH:1
BRF:0
BRH:0
end_of_record
TN:
SF:D:\projects\rss\Winsler-2019Q1\piskel-clone\src\controllers\toolsController\handlers\rectangle\rectangle.js
FN:4,getRectangleHandler
FN:5,onMouseDown
FN:26,onMouseMove
FN:81,paintImage
FN:94,onMouseUp
FN:102,onMouseOut
FNF:6
FNH:0
FNDA:0,getRectangleHandler
FNDA:0,onMouseDown
FNDA:0,onMouseMove
FNDA:0,paintImage
FNDA:0,onMouseUp
FNDA:0,onMouseOut
DA:6,0
DA:7,0
DA:10,0
DA:11,0
DA:16,0
DA:18,0
DA:19,0
DA:20,0
DA:23,0
DA:24,0
DA:27,0
DA:31,0
DA:32,0
DA:34,0
DA:35,0
DA:37,0
DA:38,0
DA:40,0
DA:41,0
DA:42,0
DA:44,0
DA:45,0
DA:46,0
DA:48,0
DA:49,0
DA:52,0
DA:53,0
DA:54,0
DA:55,0
DA:58,0
DA:60,0
DA:61,0
DA:62,0
DA:64,0
DA:65,0
DA:66,0
DA:67,0
DA:69,0
DA:71,0
DA:72,0
DA:73,0
DA:75,0
DA:76,0
DA:79,0
DA:83,0
DA:85,0
DA:87,0
DA:88,0
DA:89,0
DA:90,0
DA:91,0
DA:95,0
DA:96,0
DA:97,0
DA:100,0
DA:103,0
DA:104,0
DA:105,0
DA:108,0
DA:110,0
DA:111,0
DA:112,0
DA:115,0
DA:117,0
LF:64
LH:0
BRDA:6,0,0,0
BRDA:6,0,1,0
BRDA:16,1,0,0
BRDA:16,1,1,0
BRDA:34,2,0,0
BRDA:34,2,1,0
BRDA:34,3,0,0
BRDA:34,3,1,0
BRDA:37,4,0,0
BRDA:37,4,1,0
BRDA:38,5,0,0
BRDA:38,5,1,0
BRDA:44,6,0,0
BRDA:44,6,1,0
BRDA:48,7,0,0
BRDA:48,7,1,0
BRDA:48,8,0,0
BRDA:48,8,1,0
BRDA:60,9,0,0
BRDA:60,9,1,0
BRDA:71,10,0,0
BRDA:71,10,1,0
BRF:22
BRH:0
end_of_record
TN:
SF:D:\projects\rss\Winsler-2019Q1\piskel-clone\src\controllers\toolsController\handlers\toolSelection\index.js
FNF:0
FNH:0
DA:3,1
LF:1
LH:1
BRF:0
BRH:0
end_of_record
TN:
SF:D:\projects\rss\Winsler-2019Q1\piskel-clone\src\controllers\toolsController\handlers\toolSelection\toolSelection.js
FN:3,getToolSelectionHandler
FN:4,onClick
FNF:2
FNH:0
FNDA:0,getToolSelectionHandler
FNDA:0,onClick
DA:5,0
DA:6,0
DA:7,0
DA:8,0
DA:9,0
DA:10,0
DA:12,0
DA:13,0
DA:17,0
DA:18,0
LF:10
LH:0
BRDA:12,0,0,0
BRDA:12,0,1,0
BRF:2
BRH:0
end_of_record
TN:
SF:D:\projects\rss\Winsler-2019Q1\piskel-clone\src\controllers\utils\MyLocalStorage\MyLocalStorage.js
FN:2,(anonymous_0)
FN:7,(anonymous_1)
FN:11,(anonymous_2)
FNF:3
FNH:1
FNDA:4,(anonymous_0)
FNDA:0,(anonymous_1)
FNDA:0,(anonymous_2)
DA:3,4
DA:4,4
DA:8,0
DA:12,0
LF:4
LH:2
BRF:0
BRH:0
end_of_record
TN:
SF:D:\projects\rss\Winsler-2019Q1\piskel-clone\src\controllers\utils\MyLocalStorage\index.js
FNF:0
FNH:0
LF:0
LH:0
BRF:0
BRH:0
end_of_record
TN:
SF:D:\projects\rss\Winsler-2019Q1\piskel-clone\src\controllers\utils\animation\animation.js
FN:1,startAnimation
FN:7,renderImage
FNF:2
FNH:0
FNDA:0,startAnimation
FNDA:0,renderImage
DA:2,0
DA:3,0
DA:5,0
DA:8,0
DA:9,0
DA:10,0
DA:11,0
DA:12,0
DA:13,0
DA:14,0
DA:15,0
DA:16,0
DA:19,0
DA:21,0
LF:14
LH:0
BRDA:11,0,0,0
BRDA:11,0,1,0
BRDA:14,1,0,0
BRDA:14,1,1,0
BRF:4
BRH:0
end_of_record
TN:
SF:D:\projects\rss\Winsler-2019Q1\piskel-clone\src\controllers\utils\handlers\index.js
FNF:0
FNH:0
DA:8,1
LF:1
LH:1
BRF:0
BRH:0
end_of_record
TN:
SF:D:\projects\rss\Winsler-2019Q1\piskel-clone\src\controllers\utils\handlers\canvasHandlers\handlers.js
FN:1,getOnMouseMoveHadler
FN:2,onMouseMove
FNF:2
FNH:0
FNDA:0,getOnMouseMoveHadler
FNDA:0,onMouseMove
DA:3,0
DA:4,0
DA:11,0
DA:14,0
LF:4
LH:0
BRF:0
BRH:0
end_of_record
TN:
SF:D:\projects\rss\Winsler-2019Q1\piskel-clone\src\controllers\utils\handlers\canvasHandlers\index.js
FNF:0
FNH:0
DA:3,1
LF:1
LH:1
BRF:0
BRH:0
end_of_record
TN:
SF:D:\projects\rss\Winsler-2019Q1\piskel-clone\src\controllers\utils\handlers\framesHadlers\handlers.js
FN:1,onClickFrameBtn
FN:17,onFrameClick
FN:65,onDragStart
FN:71,getLI
FN:82,swapNodes
FN:110,onDrop
FN:118,onDragEnter
FN:124,onDragLeave
FNF:8
FNH:0
FNDA:0,onClickFrameBtn
FNDA:0,onFrameClick
FNDA:0,onDragStart
FNDA:0,getLI
FNDA:0,swapNodes
FNDA:0,onDrop
FNDA:0,onDragEnter
FNDA:0,onDragLeave
DA:2,0
DA:3,0
DA:4,0
DA:6,0
DA:7,0
DA:8,0
DA:9,0
DA:11,0
DA:12,0
DA:13,0
DA:14,0
DA:18,0
DA:19,0
DA:20,0
DA:21,0
DA:22,0
DA:24,0
DA:25,0
DA:26,0
DA:27,0
DA:28,0
DA:29,0
DA:30,0
DA:31,0
DA:32,0
DA:34,0
DA:35,0
DA:36,0
DA:37,0
DA:38,0
DA:40,0
DA:41,0
DA:42,0
DA:43,0
DA:44,0
DA:45,0
DA:46,0
DA:47,0
DA:48,0
DA:50,0
DA:51,0
DA:52,0
DA:53,0
DA:54,0
DA:55,0
DA:56,0
DA:57,0
DA:59,0
DA:60,0
DA:61,0
DA:66,0
DA:67,0
DA:68,0
DA:72,0
DA:73,0
DA:74,0
DA:76,0
DA:77,0
DA:79,0
DA:83,0
DA:84,0
DA:85,0
DA:86,0
DA:88,0
DA:90,0
DA:91,0
DA:93,0
DA:97,0
DA:98,0
DA:100,0
DA:103,0
DA:104,0
DA:106,0
DA:111,0
DA:112,0
DA:113,0
DA:114,0
DA:115,0
DA:119,0
DA:120,0
DA:121,0
DA:125,0
DA:126,0
DA:127,0
LF:84
LH:0
BRDA:8,0,0,0
BRDA:8,0,1,0
BRDA:18,1,0,0
BRDA:18,1,1,0
BRDA:21,2,0,0
BRDA:21,2,1,0
BRDA:29,3,0,0
BRDA:29,3,1,0
BRDA:45,4,0,0
BRDA:45,4,1,0
BRDA:53,5,0,0
BRDA:53,5,1,0
BRDA:55,6,0,0
BRDA:55,6,1,0
BRDA:73,7,0,0
BRDA:73,7,1,0
BRDA:84,8,0,0
BRDA:84,8,1,0
BRDA:88,9,0,0
BRDA:88,9,1,0
BRDA:88,10,0,0
BRDA:88,10,1,0
BRDA:88,10,2,0
BRDA:88,10,3,0
BRDA:90,11,0,0
BRDA:90,11,1,0
BRDA:97,12,0,0
BRDA:97,12,1,0
BRDA:103,13,0,0
BRDA:103,13,1,0
BRDA:112,14,0,0
BRDA:112,14,1,0
BRDA:112,15,0,0
BRDA:112,15,1,0
BRDA:120,16,0,0
BRDA:120,16,1,0
BRDA:120,17,0,0
BRDA:120,17,1,0
BRDA:126,18,0,0
BRDA:126,18,1,0
BRDA:126,19,0,0
BRDA:126,19,1,0
BRF:42
BRH:0
end_of_record
TN:
SF:D:\projects\rss\Winsler-2019Q1\piskel-clone\src\controllers\utils\handlers\framesHadlers\index.js
FNF:0
FNH:0
DA:5,1
LF:1
LH:1
BRF:0
BRH:0
end_of_record
TN:
SF:D:\projects\rss\Winsler-2019Q1\piskel-clone\src\controllers\utils\handlers\global\globalHandlers.js
FN:8,paintFromHist
FN:22,getOnKeyDownHandler
FN:23,onKeyDown
FNF:3
FNH:0
FNDA:0,paintFromHist
FNDA:0,getOnKeyDownHandler
FNDA:0,onKeyDown
DA:1,1
DA:9,0
DA:10,0
DA:12,0
DA:14,0
DA:16,0
DA:17,0
DA:18,0
DA:24,0
DA:25,0
DA:27,0
DA:28,0
DA:29,0
DA:30,0
DA:31,0
DA:32,0
DA:33,0
DA:34,0
DA:35,0
DA:36,0
DA:37,0
DA:38,0
DA:39,0
DA:42,0
LF:24
LH:1
BRDA:9,0,0,0
BRDA:9,0,1,0
BRDA:24,1,0,0
BRDA:24,1,1,0
BRDA:27,2,0,0
BRDA:27,2,1,0
BRDA:27,3,0,0
BRDA:27,3,1,0
BRDA:29,4,0,0
BRDA:29,4,1,0
BRDA:29,5,0,0
BRDA:29,5,1,0
BRDA:32,6,0,0
BRDA:32,6,1,0
BRDA:32,7,0,0
BRDA:32,7,1,0
BRDA:35,8,0,0
BRDA:35,8,1,0
BRDA:35,9,0,0
BRDA:35,9,1,0
BRDA:38,10,0,0
BRDA:38,10,1,0
BRDA:38,11,0,0
BRDA:38,11,1,0
BRF:24
BRH:0
end_of_record
TN:
SF:D:\projects\rss\Winsler-2019Q1\piskel-clone\src\controllers\utils\handlers\global\index.js
FNF:0
FNH:0
DA:3,1
LF:1
LH:1
BRF:0
BRH:0
end_of_record
TN:
SF:D:\projects\rss\Winsler-2019Q1\piskel-clone\src\controllers\utils\handlers\previewHandlers\handlers.js
FN:3,onRangeInput
FN:9,onFullScreenBtnClick
FN:16,onGifBtnClick
FN:22,getCTX
FN:39,clear
FN:43,paintIamge
FN:61,(anonymous_6)
FN:67,saveData
FN:79,(anonymous_8)
FN:87,saveSlides
FN:91,loadSlides
FN:95,download
FN:103,localSave
FN:108,localLoad
FN:112,loadFile
FN:114,onReaderLoad
FNF:16
FNH:0
FNDA:0,onRangeInput
FNDA:0,onFullScreenBtnClick
FNDA:0,onGifBtnClick
FNDA:0,getCTX
FNDA:0,clear
FNDA:0,paintIamge
FNDA:0,(anonymous_6)
FNDA:0,saveData
FNDA:0,(anonymous_8)
FNDA:0,saveSlides
FNDA:0,loadSlides
FNDA:0,download
FNDA:0,localSave
FNDA:0,localLoad
FNDA:0,loadFile
FNDA:0,onReaderLoad
DA:4,0
DA:5,0
DA:6,0
DA:10,0
DA:12,0
DA:17,0
DA:19,0
DA:20,0
DA:23,0
DA:24,0
DA:25,0
DA:26,0
DA:28,0
DA:31,0
DA:40,0
DA:44,0
DA:45,0
DA:46,0
DA:47,0
DA:48,0
DA:49,0
DA:51,0
DA:52,0
DA:59,0
DA:61,0
DA:62,0
DA:63,0
DA:64,0
DA:68,0
DA:69,0
DA:70,0
DA:72,0
DA:73,0
DA:74,0
DA:75,0
DA:76,0
DA:79,0
DA:80,0
DA:83,0
DA:88,0
DA:92,0
DA:96,0
DA:97,0
DA:98,0
DA:99,0
DA:100,0
DA:104,0
DA:105,0
DA:109,0
DA:113,0
DA:115,0
DA:116,0
DA:119,0
DA:120,0
DA:121,0
DA:122,0
LF:56
LH:0
BRDA:10,0,0,0
BRDA:10,0,1,0
BRDA:48,1,0,0
BRDA:48,1,1,0
BRDA:48,2,0,0
BRDA:48,2,1,0
BRF:6
BRH:0
end_of_record
TN:
SF:D:\projects\rss\Winsler-2019Q1\piskel-clone\src\controllers\utils\handlers\previewHandlers\index.js
FNF:0
FNH:0
DA:6,1
LF:1
LH:1
BRF:0
BRH:0
end_of_record
TN:
SF:D:\projects\rss\Winsler-2019Q1\piskel-clone\src\controllers\utils\handlers\shortcutMenuHandlers\index.js
FNF:0
FNH:0
DA:7,1
LF:1
LH:1
BRF:0
BRH:0
end_of_record
TN:
SF:D:\projects\rss\Winsler-2019Q1\piskel-clone\src\controllers\utils\handlers\shortcutMenuHandlers\shortcutMenuHandlers.js
FN:3,getOnOpenShortcutMenuHandler
FN:9,changeShortcut
FN:19,(anonymous_2)
FN:31,onClick
FN:52,closeShortcutMenu
FN:59,showShortcutMenu
FN:65,getCloseShortcutMenuHandler
FN:66,(anonymous_7)
FN:71,getShortcutMenuClickHandler
FN:73,onEsc
FN:80,onShortcutMenuClick
FN:89,getRestoreBtnHandler
FN:90,onClick
FNF:13
FNH:0
FNDA:0,getOnOpenShortcutMenuHandler
FNDA:0,changeShortcut
FNDA:0,(anonymous_2)
FNDA:0,onClick
FNDA:0,closeShortcutMenu
FNDA:0,showShortcutMenu
FNDA:0,getCloseShortcutMenuHandler
FNDA:0,(anonymous_7)
FNDA:0,getShortcutMenuClickHandler
FNDA:0,onEsc
FNDA:0,onShortcutMenuClick
FNDA:0,getRestoreBtnHandler
FNDA:0,onClick
DA:1,1
DA:4,0
DA:5,0
DA:10,0
DA:11,0
DA:13,0
DA:14,0
DA:15,0
DA:16,0
DA:18,0
DA:20,0
DA:22,0
DA:24,0
DA:26,0
DA:27,0
DA:28,0
DA:32,0
DA:33,0
DA:34,0
DA:35,0
DA:36,0
DA:38,0
DA:40,0
DA:41,0
DA:43,0
DA:44,0
DA:48,0
DA:54,0
DA:55,0
DA:61,0
DA:62,0
DA:66,0
DA:67,0
DA:72,0
DA:74,0
DA:75,0
DA:76,0
DA:81,0
DA:82,0
DA:85,0
DA:91,0
DA:92,0
DA:93,0
DA:97,0
LF:44
LH:1
BRDA:10,0,0,0
BRDA:10,0,1,0
BRDA:32,1,0,0
BRDA:32,1,1,0
BRDA:34,2,0,0
BRDA:34,2,1,0
BRDA:74,3,0,0
BRDA:74,3,1,0
BRDA:74,4,0,0
BRDA:74,4,1,0
BRF:10
BRH:0
end_of_record
TN:
SF:D:\projects\rss\Winsler-2019Q1\piskel-clone\src\controllers\utils\misc\index.js
FN:1,renderViewWithRandomRect
FN:11,setLiveRects
FN:13,getNextWrapepr
FN:15,getNext
FN:26,saveHistory
FNF:5
FNH:0
FNDA:0,renderViewWithRandomRect
FNDA:0,setLiveRects
FNDA:0,getNextWrapepr
FNDA:0,getNext
FNDA:0,saveHistory
DA:2,0
DA:3,0
DA:4,0
DA:5,0
DA:6,0
DA:7,0
DA:8,0
DA:12,0
DA:13,0
DA:14,0
DA:15,0
DA:16,0
DA:17,0
DA:19,0
DA:21,0
DA:27,0
DA:28,0
DA:30,0
DA:31,0
LF:19
LH:0
BRDA:16,0,0,0
BRDA:16,0,1,0
BRDA:27,1,0,0
BRDA:27,1,1,0
BRDA:27,2,0,0
BRDA:27,2,1,0
BRDA:30,3,0,0
BRDA:30,3,1,0
BRF:8
BRH:0
end_of_record
TN:
SF:D:\projects\rss\Winsler-2019Q1\piskel-clone\src\models\index.js
FNF:0
FNH:0
LF:0
LH:0
BRF:0
BRH:0
end_of_record
TN:
SF:D:\projects\rss\Winsler-2019Q1\piskel-clone\src\models\model.js
FN:2,(anonymous_0)
FN:8,(anonymous_1)
FN:11,(anonymous_2)
FN:11,(anonymous_3)
FN:14,(anonymous_4)
FNF:5
FNH:5
FNDA:3,(anonymous_0)
FNDA:3,(anonymous_1)
FNDA:9,(anonymous_2)
FNDA:41,(anonymous_3)
FNDA:4,(anonymous_4)
DA:3,3
DA:9,3
DA:10,3
DA:11,41
DA:15,4
DA:16,4
DA:17,4
DA:18,4
DA:20,4
DA:21,4
DA:23,4
LF:11
LH:11
BRDA:15,0,0,1
BRDA:15,0,1,3
BRDA:16,1,0,1
BRDA:16,1,1,3
BRF:4
BRH:4
end_of_record
TN:
SF:D:\projects\rss\Winsler-2019Q1\piskel-clone\src\utils\List\List.js
FN:4,(anonymous_0)
FN:8,(anonymous_1)
FN:21,(anonymous_2)
FN:33,(anonymous_3)
FN:45,(anonymous_4)
FN:49,(anonymous_5)
FNF:6
FNH:6
FNDA:9,(anonymous_0)
FNDA:9,(anonymous_1)
FNDA:7,(anonymous_2)
FNDA:4,(anonymous_3)
FNDA:2,(anonymous_4)
FNDA:3,(anonymous_5)
DA:5,9
DA:9,9
DA:10,9
DA:11,4
DA:12,0
DA:14,4
DA:15,4
DA:17,9
DA:18,9
DA:22,7
DA:23,1
DA:25,6
DA:26,6
DA:27,4
DA:28,4
DA:30,2
DA:34,4
DA:35,1
DA:37,3
DA:38,3
DA:39,2
DA:40,2
DA:42,1
DA:46,2
DA:50,3
LF:25
LH:24
BRDA:10,0,0,4
BRDA:10,0,1,5
BRDA:11,1,0,0
BRDA:11,1,1,4
BRDA:22,2,0,1
BRDA:22,2,1,6
BRDA:26,3,0,4
BRDA:26,3,1,2
BRDA:34,4,0,1
BRDA:34,4,1,3
BRDA:38,5,0,2
BRDA:38,5,1,1
BRF:12
BRH:11
end_of_record
TN:
SF:D:\projects\rss\Winsler-2019Q1\piskel-clone\src\utils\List\ListItem.js
FN:2,(anonymous_0)
FN:8,(anonymous_1)
FNF:2
FNH:1
FNDA:9,(anonymous_0)
FNDA:0,(anonymous_1)
DA:3,9
DA:4,9
DA:5,9
DA:9,0
DA:10,0
LF:5
LH:3
BRDA:4,0,0,9
BRDA:4,0,1,9
BRDA:5,1,0,9
BRDA:5,1,1,9
BRF:4
BRH:4
end_of_record
TN:
SF:D:\projects\rss\Winsler-2019Q1\piskel-clone\src\utils\List\index.js
FNF:0
FNH:0
LF:0
LH:0
BRF:0
BRH:0
end_of_record
