TN:
SF:D:\projects\rss\Winsler-2019Q1\piskel-clone\src\models\index.js
FNF:0
FNH:0
LF:0
LH:0
BRF:0
BRH:0
end_of_record
TN:
SF:D:\projects\rss\Winsler-2019Q1\piskel-clone\src\models\model.js
FN:2,(anonymous_0)
FN:8,(anonymous_1)
FN:11,(anonymous_2)
FN:11,(anonymous_3)
FN:14,(anonymous_4)
FNF:5
FNH:5
FNDA:3,(anonymous_0)
FNDA:3,(anonymous_1)
FNDA:9,(anonymous_2)
FNDA:41,(anonymous_3)
FNDA:4,(anonymous_4)
DA:3,3
DA:9,3
DA:10,3
DA:11,41
DA:15,4
DA:16,4
DA:17,4
DA:18,4
DA:20,4
DA:21,4
DA:23,4
LF:11
LH:11
BRDA:15,0,0,1
BRDA:15,0,1,3
BRDA:16,1,0,1
BRDA:16,1,1,3
BRF:4
BRH:4
end_of_record
